⚠ [2369/2474] Replayed ERIEC.Value
warning: formal/ERIEC/Value.lean:245:4: try 'simp' instead of 'simpa'

Note: This linter can be disabled with `set_option linter.unnecessarySimpa false`
warning: formal/ERIEC/Value.lean:246:4: try 'simp' instead of 'simpa'

Note: This linter can be disabled with `set_option linter.unnecessarySimpa false`
warning: formal/ERIEC/Value.lean:248:4: Try `simp at he` instead of `simpa using he`

Note: This linter can be disabled with `set_option linter.unnecessarySimpa false`
warning: formal/ERIEC/Value.lean:259:2: try 'simp' instead of 'simpa'

Note: This linter can be disabled with `set_option linter.unnecessarySimpa false`
warning: formal/ERIEC/Value.lean:285:14: try 'simp' instead of 'simpa'

Note: This linter can be disabled with `set_option linter.unnecessarySimpa false`
⚠ [2684/2700] Replayed ERIEC.WorldDC
warning: formal/ERIEC/WorldDC.lean:117:7: Variable name `dc` is not explicitly referenced.

The binding can be removed (if unused) or named `_` (if used implicitly).

Note: This linter can be disabled with `set_option linter.unusedVariables false`
✖ [2695/2700] Building ERIEC.Invariance.Static (1.9s)
trace: .> LEAN_PATH=/Users/yamaguchimitsuyuki/erie-c/.lake/packages/Cli/.lake/build/lib/lean:/Users/yamaguchimitsuyuki/erie-c/.lake/packages/batteries/.lake/build/lib/lean:/Users/yamaguchimitsuyuki/erie-c/.lake/packages/Qq/.lake/build/lib/lean:/Users/yamaguchimitsuyuki/erie-c/.lake/packages/aesop/.lake/build/lib/lean:/Users/yamaguchimitsuyuki/erie-c/.lake/packages/proofwidgets/.lake/build/lib/lean:/Users/yamaguchimitsuyuki/erie-c/.lake/packages/importGraph/.lake/build/lib/lean:/Users/yamaguchimitsuyuki/erie-c/.lake/packages/LeanSearchClient/.lake/build/lib/lean:/Users/yamaguchimitsuyuki/erie-c/.lake/packages/plausible/.lake/build/lib/lean:/Users/yamaguchimitsuyuki/erie-c/.lake/packages/mathlib/.lake/build/lib/lean:/Users/yamaguchimitsuyuki/erie-c/.lake/build/lib/lean /Users/yamaguchimitsuyuki/.elan/toolchains/leanprover--lean4---v4.31.0/bin/lean /Users/yamaguchimitsuyuki/erie-c/formal/ERIEC/Invariance/Static.lean -o /Users/yamaguchimitsuyuki/erie-c/.lake/build/lib/lean/ERIEC/Invariance/Static.olean -i /Users/yamaguchimitsuyuki/erie-c/.lake/build/lib/lean/ERIEC/Invariance/Static.ilean -c /Users/yamaguchimitsuyuki/erie-c/.lake/build/ir/ERIEC/Invariance/Static.c --setup /Users/yamaguchimitsuyuki/erie-c/.lake/build/ir/ERIEC/Invariance/Static.setup.json --json
error: formal/ERIEC/Invariance/Static.lean:45:2: Type mismatch
  image_relStar h.hC h.hA F.rhoRel F'.rhoRel h.rho_iff Y
has type
  Eq.{u_5 + 1} (image h.hA (⋃ a ∈ Y, F.rhoRel a)) (⋃ a' ∈ image h.hC Y, F'.rhoRel a')
but is expected to have type
  Eq.{max (u_5 + 1) (u_7 + 1)} (fun a' => ⋃ (_ : a' ∈ image h.hA (⋃ c ∈ Y, F.rhoRel c)), F'.piRel a') fun m =>
    ⋃ (_ : m ∈ ⋃ c ∈ image h.hC Y, F'.rhoRel c), F'.piRel m
error: formal/ERIEC/Invariance/Static.lean:103:2: Type mismatch
  image_relStar h.hE h.hA F.sigmaRel F'.sigmaRel h.sigma_iff X
has type
  Eq.{u_5 + 1} (image h.hA (⋃ a ∈ X, F.sigmaRel a)) (⋃ a' ∈ image h.hE X, F'.sigmaRel a')
but is expected to have type
  Eq.{max (u_5 + 1) (u_6 + 1)} (fun a' => ⋃ (_ : a' ∈ image h.hA (⋃ e ∈ X, F.sigmaRel e)), F'.alphaRel a') fun m =>
    ⋃ (_ : m ∈ ⋃ e ∈ image h.hE X, F'.sigmaRel e), F'.alphaRel m
error: Lean exited with code 1
Some required targets logged failures:
- ERIEC.Invariance.Static
error: build failed
