⚠ [2369/2481] Replayed ERIEC.Value
warning: formal/ERIEC/Value.lean:245:4: try 'simp' instead of 'simpa'

Note: This linter can be disabled with `set_option linter.unnecessarySimpa false`
warning: formal/ERIEC/Value.lean:246:4: try 'simp' instead of 'simpa'

Note: This linter can be disabled with `set_option linter.unnecessarySimpa false`
warning: formal/ERIEC/Value.lean:248:4: Try `simp at he` instead of `simpa using he`

Note: This linter can be disabled with `set_option linter.unnecessarySimpa false`
warning: formal/ERIEC/Value.lean:259:2: try 'simp' instead of 'simpa'

Note: This linter can be disabled with `set_option linter.unnecessarySimpa false`
warning: formal/ERIEC/Value.lean:285:14: try 'simp' instead of 'simpa'

Note: This linter can be disabled with `set_option linter.unnecessarySimpa false`
⚠ [2685/2700] Replayed ERIEC.WorldDC
warning: formal/ERIEC/WorldDC.lean:117:7: Variable name `dc` is not explicitly referenced.

The binding can be removed (if unused) or named `_` (if used implicitly).

Note: This linter can be disabled with `set_option linter.unusedVariables false`
✔ [2693/2700] Built ERIEC.Invariance.Basic (2.0s)
✖ [2694/2700] Building ERIEC.Invariance.Static (1.8s)
trace: .> LEAN_PATH=/Users/yamaguchimitsuyuki/erie-c/.lake/packages/Cli/.lake/build/lib/lean:/Users/yamaguchimitsuyuki/erie-c/.lake/packages/batteries/.lake/build/lib/lean:/Users/yamaguchimitsuyuki/erie-c/.lake/packages/Qq/.lake/build/lib/lean:/Users/yamaguchimitsuyuki/erie-c/.lake/packages/aesop/.lake/build/lib/lean:/Users/yamaguchimitsuyuki/erie-c/.lake/packages/proofwidgets/.lake/build/lib/lean:/Users/yamaguchimitsuyuki/erie-c/.lake/packages/importGraph/.lake/build/lib/lean:/Users/yamaguchimitsuyuki/erie-c/.lake/packages/LeanSearchClient/.lake/build/lib/lean:/Users/yamaguchimitsuyuki/erie-c/.lake/packages/plausible/.lake/build/lib/lean:/Users/yamaguchimitsuyuki/erie-c/.lake/packages/mathlib/.lake/build/lib/lean:/Users/yamaguchimitsuyuki/erie-c/.lake/build/lib/lean /Users/yamaguchimitsuyuki/.elan/toolchains/leanprover--lean4---v4.31.0/bin/lean /Users/yamaguchimitsuyuki/erie-c/formal/ERIEC/Invariance/Static.lean -o /Users/yamaguchimitsuyuki/erie-c/.lake/build/lib/lean/ERIEC/Invariance/Static.olean -i /Users/yamaguchimitsuyuki/erie-c/.lake/build/lib/lean/ERIEC/Invariance/Static.ilean -c /Users/yamaguchimitsuyuki/erie-c/.lake/build/ir/ERIEC/Invariance/Static.c --setup /Users/yamaguchimitsuyuki/erie-c/.lake/build/ir/ERIEC/Invariance/Static.setup.json --json
error: formal/ERIEC/Invariance/Static.lean:32:6: Application type mismatch: The argument
  (hrel a (hB.symm b')).mp ?m.72
has type
  hB (hB.symm b') ∈ rel' (hA a)
but is expected to have type
  b' ∈ rel' (hA a)
in the application
  Exists.intro ?m.66 ((hrel a (hB.symm b')).mp ?m.72)
error: formal/ERIEC/Invariance/Static.lean:43:6: Tactic `rewrite` failed: Did not find an occurrence of the pattern
  image h.hC (⋃ a ∈ ?X, F.piRel a)
in the target expression
  image h.hC (Closure.pi_star F.piRel (Closure.rho_star F.rhoRel Y)) =
    Closure.pi_star F'.piRel (Closure.rho_star F'.rhoRel (image h.hC Y))

A : Type u_1
E : Type u_2
C : Type u_3
S : Type u_4
A' : Type u_5
E' : Type u_6
C' : Type u_7
S' : Type u_8
W : Type u_9
F : StaticFrame A E C S W
F' : StaticFrame A' E' C' S' W
h : KIso F F'
Y : Set C
⊢ image h.hC (Closure.pi_star F.piRel (Closure.rho_star F.rhoRel Y)) =
    Closure.pi_star F'.piRel (Closure.rho_star F'.rhoRel (image h.hC Y))
error: formal/ERIEC/Invariance/Static.lean:103:2: Type mismatch
  image_relStar h.hE h.hA F.sigmaRel F'.sigmaRel h.sigma_iff X
has type
  Eq.{u_5 + 1} (image h.hA (⋃ a ∈ X, F.sigmaRel a)) (⋃ a' ∈ image h.hE X, F'.sigmaRel a')
but is expected to have type
  Eq.{max (u_5 + 1) (u_6 + 1)} (fun a' => ⋃ (_ : a' ∈ image h.hA (Adj.sigma_star F.sigmaRel X)), F'.alphaRel a')
    fun m => ⋃ (_ : m ∈ Adj.sigma_star F'.sigmaRel (image h.hE X)), F'.alphaRel m
error: formal/ERIEC/Invariance/Static.lean:114:2: Type mismatch: After simplification, term
  congrArg₂ (fun x1 x2 => x1 ∩ x2) hRho hSigma
 has type
  image h.hA (⋃ a ∈ F.kappa s, F.rhoRel a) ∩ image h.hA (⋃ a ∈ F.epsilon s, F.sigmaRel a) =
    (⋃ a', Set.iUnion fun (h : a' ∈ image h.hC (F.kappa s)) => F'.rhoRel a') ∩
      ⋃ a' ∈ image h.hE (F.epsilon s), F'.sigmaRel a'
but is expected to have type
  image h.hA (⋃ c ∈ F.kappa s, F.rhoRel c) ∩ image h.hA (⋃ e ∈ F.epsilon s, F.sigmaRel e) =
    (⋃ c, Set.iUnion fun (h : c ∈ F'.kappa (h.hS s)) => F'.rhoRel c) ∩ ⋃ e ∈ F'.epsilon (h.hS s), F'.sigmaRel e
error: formal/ERIEC/Invariance/Static.lean:139:4: Type mismatch: After simplification, term
  this
 has type
  F.DCAt (h.symm.hS (h.hS s))
but is expected to have type
  F.DCAt s
error: Lean exited with code 1
✔ [2696/2700] Built ERIEC.Invariance.Spectral (13s)
Some required targets logged failures:
- ERIEC.Invariance.Static
error: build failed
