⚠ [2365/2376] Replayed ERIEC.Value
warning: formal/ERIEC/Value.lean:245:4: try 'simp' instead of 'simpa'

Note: This linter can be disabled with `set_option linter.unnecessarySimpa false`
warning: formal/ERIEC/Value.lean:246:4: try 'simp' instead of 'simpa'

Note: This linter can be disabled with `set_option linter.unnecessarySimpa false`
warning: formal/ERIEC/Value.lean:248:4: Try `simp at he` instead of `simpa using he`

Note: This linter can be disabled with `set_option linter.unnecessarySimpa false`
warning: formal/ERIEC/Value.lean:259:2: try 'simp' instead of 'simpa'

Note: This linter can be disabled with `set_option linter.unnecessarySimpa false`
warning: formal/ERIEC/Value.lean:285:14: try 'simp' instead of 'simpa'

Note: This linter can be disabled with `set_option linter.unnecessarySimpa false`
⚠ [2675/2701] Replayed ERIEC.WorldDC
warning: formal/ERIEC/WorldDC.lean:117:7: Variable name `dc` is not explicitly referenced.

The binding can be removed (if unused) or named `_` (if used implicitly).

Note: This linter can be disabled with `set_option linter.unusedVariables false`
✔ [2694/2701] Built ERIEC.Invariance.Basic (5.7s)
✔ [2695/2701] Built ERIEC.Invariance.Lemmas (1.0s)
✔ [2696/2701] Built ERIEC.Invariance.Static (1.0s)
✔ [2697/2701] Built ERIEC.Invariance.Dynamic (6.4s)
✔ [2698/2701] Built ERIEC.Invariance (14s)
✔ [2699/2701] Built ERIEC.CertifiedArtifact (5.5s)
✔ [2700/2701] Built ERIEC (4.2s)
Build completed successfully (2701 jobs).
