⚠ [2369/2575] Replayed ERIEC.Value
warning: formal/ERIEC/Value.lean:245:4: try 'simp' instead of 'simpa'

Note: This linter can be disabled with `set_option linter.unnecessarySimpa false`
warning: formal/ERIEC/Value.lean:246:4: try 'simp' instead of 'simpa'

Note: This linter can be disabled with `set_option linter.unnecessarySimpa false`
warning: formal/ERIEC/Value.lean:248:4: Try `simp at he` instead of `simpa using he`

Note: This linter can be disabled with `set_option linter.unnecessarySimpa false`
warning: formal/ERIEC/Value.lean:259:2: try 'simp' instead of 'simpa'

Note: This linter can be disabled with `set_option linter.unnecessarySimpa false`
warning: formal/ERIEC/Value.lean:285:14: try 'simp' instead of 'simpa'

Note: This linter can be disabled with `set_option linter.unnecessarySimpa false`
⚠ [2675/2696] Replayed ERIEC.WorldDC
warning: formal/ERIEC/WorldDC.lean:117:7: Variable name `dc` is not explicitly referenced.

The binding can be removed (if unused) or named `_` (if used implicitly).

Note: This linter can be disabled with `set_option linter.unusedVariables false`
✖ [2693/2696] Building ERIEC.Invariance (8.5s)
trace: .> LEAN_PATH=/Users/yamaguchimitsuyuki/erie-c/.lake/packages/Cli/.lake/build/lib/lean:/Users/yamaguchimitsuyuki/erie-c/.lake/packages/batteries/.lake/build/lib/lean:/Users/yamaguchimitsuyuki/erie-c/.lake/packages/Qq/.lake/build/lib/lean:/Users/yamaguchimitsuyuki/erie-c/.lake/packages/aesop/.lake/build/lib/lean:/Users/yamaguchimitsuyuki/erie-c/.lake/packages/proofwidgets/.lake/build/lib/lean:/Users/yamaguchimitsuyuki/erie-c/.lake/packages/importGraph/.lake/build/lib/lean:/Users/yamaguchimitsuyuki/erie-c/.lake/packages/LeanSearchClient/.lake/build/lib/lean:/Users/yamaguchimitsuyuki/erie-c/.lake/packages/plausible/.lake/build/lib/lean:/Users/yamaguchimitsuyuki/erie-c/.lake/packages/mathlib/.lake/build/lib/lean:/Users/yamaguchimitsuyuki/erie-c/.lake/build/lib/lean /Users/yamaguchimitsuyuki/.elan/toolchains/leanprover--lean4---v4.31.0/bin/lean /Users/yamaguchimitsuyuki/erie-c/formal/ERIEC/Invariance.lean -o /Users/yamaguchimitsuyuki/erie-c/.lake/build/lib/lean/ERIEC/Invariance.olean -i /Users/yamaguchimitsuyuki/erie-c/.lake/build/lib/lean/ERIEC/Invariance.ilean -c /Users/yamaguchimitsuyuki/erie-c/.lake/build/ir/ERIEC/Invariance.c --setup /Users/yamaguchimitsuyuki/erie-c/.lake/build/ir/ERIEC/Invariance.setup.json --json
warning: formal/ERIEC/Invariance.lean:201:25: Used `tac1 <;> tac2` where `(tac1; tac2)` would suffice

Note: This linter can be disabled with `set_option linter.unnecessarySeqFocus false`
error: formal/ERIEC/Invariance.lean:378:67: failed to synthesize instance of type class
  Nonempty { x // x ≠ 0 }

Hint: Type class instance resolution failures can be inspected with the `set_option trace.Meta.synthInstance true` command.
error: formal/ERIEC/Invariance.lean:379:67: failed to synthesize instance of type class
  Nonempty { y // y ≠ 0 }

Hint: Type class instance resolution failures can be inspected with the `set_option trace.Meta.synthInstance true` command.
error: formal/ERIEC/Invariance.lean:410:8: Tactic `rewrite` failed: Did not find an occurrence of the pattern
  (unitaryConjugate ?U ?L) (?U ?x)
in the target expression
  (unitaryConjugate U L) (↑U.toLinearEquiv x) = lambda • ↑U.toLinearEquiv x

case a
m n : ℕ
U : EuclideanSpace ℝ (Fin m) ≃ₗᵢ[ℝ] EuclideanSpace ℝ (Fin n)
L : EuclideanSpace ℝ (Fin m) →L[ℝ] EuclideanSpace ℝ (Fin m)
eta : ℝ
x : EuclideanSpace ℝ (Fin m)
lambda : ℝ
hBand : |lambda - 1| ≤ eta
hEigen : L x = lambda • x
⊢ (unitaryConjugate U L) (↑U.toLinearEquiv x) = lambda • ↑U.toLinearEquiv x
error: formal/ERIEC/Invariance.lean:413:8: Tactic `rewrite` failed: Did not find an occurrence of the pattern
  ?m.203 ∈ Submodule.map ?m.201 ?m.202
in the target expression
  y ∈ ↑(Submodule.map (↑U.toLinearEquiv) (World.Wld_band L eta))

case a
m n : ℕ
U : EuclideanSpace ℝ (Fin m) ≃ₗᵢ[ℝ] EuclideanSpace ℝ (Fin n)
L : EuclideanSpace ℝ (Fin m) →L[ℝ] EuclideanSpace ℝ (Fin m)
eta : ℝ
y : EuclideanSpace ℝ (Fin n)
lambda : ℝ
hBand : |lambda - 1| ≤ eta
hEigen : (unitaryConjugate U L) y = lambda • y
⊢ y ∈ ↑(Submodule.map (↑U.toLinearEquiv) (World.Wld_band L eta))
error: formal/ERIEC/Invariance.lean:436:6: Type mismatch: After simplification, term
  unitaryConjugate_apply U L (U.symm y)
 has type
  (unitaryConjugate U L) y = U (L (U.symm y))
but is expected to have type
  U (L (U.symm y)) = y
error: formal/ERIEC/Invariance.lean:440:6: Type mismatch: After simplification, term
  unitaryConjugate_apply U L x
 has type
  True
but is expected to have type
  L x = x
error: Lean exited with code 1
Some required targets logged failures:
- ERIEC.Invariance
error: build failed
