⚠ [2369/2473] Replayed ERIEC.Value
warning: formal/ERIEC/Value.lean:245:4: try 'simp' instead of 'simpa'

Note: This linter can be disabled with `set_option linter.unnecessarySimpa false`
warning: formal/ERIEC/Value.lean:246:4: try 'simp' instead of 'simpa'

Note: This linter can be disabled with `set_option linter.unnecessarySimpa false`
warning: formal/ERIEC/Value.lean:248:4: Try `simp at he` instead of `simpa using he`

Note: This linter can be disabled with `set_option linter.unnecessarySimpa false`
warning: formal/ERIEC/Value.lean:259:2: try 'simp' instead of 'simpa'

Note: This linter can be disabled with `set_option linter.unnecessarySimpa false`
warning: formal/ERIEC/Value.lean:285:14: try 'simp' instead of 'simpa'

Note: This linter can be disabled with `set_option linter.unnecessarySimpa false`
⚠ [2675/2696] Replayed ERIEC.WorldDC
warning: formal/ERIEC/WorldDC.lean:117:7: Variable name `dc` is not explicitly referenced.

The binding can be removed (if unused) or named `_` (if used implicitly).

Note: This linter can be disabled with `set_option linter.unusedVariables false`
✖ [2693/2696] Building ERIEC.Invariance (9.5s)
trace: .> LEAN_PATH=/Users/yamaguchimitsuyuki/erie-c/.lake/packages/Cli/.lake/build/lib/lean:/Users/yamaguchimitsuyuki/erie-c/.lake/packages/batteries/.lake/build/lib/lean:/Users/yamaguchimitsuyuki/erie-c/.lake/packages/Qq/.lake/build/lib/lean:/Users/yamaguchimitsuyuki/erie-c/.lake/packages/aesop/.lake/build/lib/lean:/Users/yamaguchimitsuyuki/erie-c/.lake/packages/proofwidgets/.lake/build/lib/lean:/Users/yamaguchimitsuyuki/erie-c/.lake/packages/importGraph/.lake/build/lib/lean:/Users/yamaguchimitsuyuki/erie-c/.lake/packages/LeanSearchClient/.lake/build/lib/lean:/Users/yamaguchimitsuyuki/erie-c/.lake/packages/plausible/.lake/build/lib/lean:/Users/yamaguchimitsuyuki/erie-c/.lake/packages/mathlib/.lake/build/lib/lean:/Users/yamaguchimitsuyuki/erie-c/.lake/build/lib/lean /Users/yamaguchimitsuyuki/.elan/toolchains/leanprover--lean4---v4.31.0/bin/lean /Users/yamaguchimitsuyuki/erie-c/formal/ERIEC/Invariance.lean -o /Users/yamaguchimitsuyuki/erie-c/.lake/build/lib/lean/ERIEC/Invariance.olean -i /Users/yamaguchimitsuyuki/erie-c/.lake/build/lib/lean/ERIEC/Invariance.ilean -c /Users/yamaguchimitsuyuki/erie-c/.lake/build/ir/ERIEC/Invariance.c --setup /Users/yamaguchimitsuyuki/erie-c/.lake/build/ir/ERIEC/Invariance.setup.json --json
error: formal/ERIEC/Invariance.lean:83:57: Application type mismatch: The argument
  c
has type
  C
of sort `Type u_3` but is expected to have type
  C'
of sort `Type u_7` in the application
  h.hC.symm c
error: formal/ERIEC/Invariance.lean:83:47: failed to synthesize instance of type class
  Membership C (Set C')

Hint: Type class instance resolution failures can be inspected with the `set_option trace.Meta.synthInstance true` command.
error: formal/ERIEC/Invariance.lean:87:57: Application type mismatch: The argument
  e
has type
  E
of sort `Type u_2` but is expected to have type
  E'
of sort `Type u_6` in the application
  h.hE.symm e
error: formal/ERIEC/Invariance.lean:87:47: failed to synthesize instance of type class
  Membership E (Set E')

Hint: Type class instance resolution failures can be inspected with the `set_option trace.Meta.synthInstance true` command.
error: formal/ERIEC/Invariance.lean:91:57: Application type mismatch: The argument
  c
has type
  C
of sort `Type u_3` but is expected to have type
  C'
of sort `Type u_7` in the application
  h.hC.symm c
error: formal/ERIEC/Invariance.lean:91:47: failed to synthesize instance of type class
  Membership C (Set C')

Hint: Type class instance resolution failures can be inspected with the `set_option trace.Meta.synthInstance true` command.
error: formal/ERIEC/Invariance.lean:122:14: Application type mismatch: The argument
  a
has type
  Set B
of sort `Type u_2` but is expected to have type
  A
of sort `Type u_1` in the application
  hA a
error: formal/ERIEC/Invariance.lean:122:17: Insufficient number of fields for `⟨...⟩` constructor: Constructor `Eq.refl` does not have explicit fields, but 2 were provided
error: formal/ERIEC/Invariance.lean:122:37: Application type mismatch: The argument
  a
has type
  Set B
of sort `Type u_2` but is expected to have type
  A
of sort `Type u_1` in the application
  hrel a
error: formal/ERIEC/Invariance.lean:124:24: Application type mismatch: The argument
  a
has type
  A'
of sort `Type u_3` but is expected to have type
  Set B
of sort `Type u_2` in the application
  Exists.intro a
error: formal/ERIEC/Invariance.lean:124:27: Unknown identifier `ha`
error: formal/ERIEC/Invariance.lean:124:37: Application type mismatch: The argument
  a
has type
  A'
of sort `Type u_3` but is expected to have type
  A
of sort `Type u_1` in the application
  hrel a
warning: formal/ERIEC/Invariance.lean:119:52: This simp argument is unused:
  Set.mem_setOf_eq

Hint: Omit it from the simp argument list.
  simp only [image, Closure.pi_star, Set.mem_image,̵ ̵S̵e̵t̵.̵m̵e̵m̵_̵s̵e̵t̵O̵f̵_̵e̵q̵]

Note: This linter can be disabled with `set_option linter.unusedSimpArgs false`
error: formal/ERIEC/Invariance.lean:135:2: Type mismatch
  image_relStar h.hC h.hA F.rhoRel F'.rhoRel h.rho_iff Y
has type
  Eq.{u_5 + 1} (image h.hA (Closure.pi_star F.rhoRel Y)) (Closure.pi_star F'.rhoRel (image h.hC Y))
but is expected to have type
  Eq.{u_7 + 1} (Closure.pi_star F'.piRel (image h.hA (Closure.rho_star F.rhoRel Y)))
    (Closure.pi_star F'.piRel (Closure.rho_star F'.rhoRel (image h.hC Y)))
error: formal/ERIEC/Invariance.lean:156:18: Application type mismatch: The argument
  a
has type
  Set E
of sort `Type u_11` but is expected to have type
  A
of sort `Type u_10` in the application
  h.hA a
error: formal/ERIEC/Invariance.lean:156:34: Application type mismatch: The argument
  a
has type
  Set E
of sort `Type u_11` but is expected to have type
  A
of sort `Type u_10` in the application
  h.alpha_iff a
error: formal/ERIEC/Invariance.lean:156:66: Application type mismatch: The argument
  a
has type
  Set E
of sort `Type u_11` but is expected to have type
  A
of sort `Type u_10` in the application
  h.sigma_iff e a
error: formal/ERIEC/Invariance.lean:158:23: Tactic `rcases` failed: `right✝ : hc a` is not an inductive datatype
error: formal/ERIEC/Invariance.lean:168:20: Application type mismatch: The argument
  s
has type
  S
of sort `Type u_4` but is expected to have type
  ?m.355
of sort `Type u_13` in the application
  forward ?m.363 s
error: formal/ERIEC/Invariance.lean:170:36: Application type mismatch: The argument
  hs
has type
  StaticFrame.DCAt.{u_5, u_6, u_7, u_8, u_9} F' (h.hS s)
but is expected to have type
  StaticFrame.DCAt.{u_10, u_11, u_12, u_13, u_18} ?m.377 ?m.403
in the application
  forward ?m.390 ?m.403 hs
error: formal/ERIEC/Invariance.lean:137:0: AddConstAsyncResult.commitConst: constant has level params [u_1, u_2, u_3, u_4, u_5, u_6, u_7, u_8, u_9, u_10, u_11, u_12, u_13, u_14, u_15, u_16, u_17, u_18] but expected [u_1, u_2, u_3, u_4, u_5, u_6, u_7, u_8, u_9]
warning: formal/ERIEC/Invariance.lean:176:21: Variable name `w` is not explicitly referenced.

The binding can be removed (if unused) or named `_` (if used implicitly).

Note: This linter can be disabled with `set_option linter.unusedVariables false`
error: formal/ERIEC/Invariance.lean:192:20: Application type mismatch: The argument
  a
has type
  Set E
of sort `Type u_2` but is expected to have type
  A
of sort `Type u_1` in the application
  h.hA a
error: formal/ERIEC/Invariance.lean:192:36: Application type mismatch: The argument
  a
has type
  Set E
of sort `Type u_2` but is expected to have type
  A
of sort `Type u_1` in the application
  h.alpha_iff a
error: formal/ERIEC/Invariance.lean:193:34: Application type mismatch: The argument
  a
has type
  Set E
of sort `Type u_2` but is expected to have type
  A
of sort `Type u_1` in the application
  h.sigma_iff (h.hE.symm e') a
error: formal/ERIEC/Invariance.lean:195:26: Application type mismatch: The argument
  a'
has type
  Set E'
of sort `Type u_6` but is expected to have type
  A'
of sort `Type u_5` in the application
  h.hA.symm a'
error: formal/ERIEC/Invariance.lean:196:38: Type mismatch: After simplification, term
  haAlpha
 has type
  ∃ y, ⋃ (_ : y ∈ Adj.sigma_star F'.sigmaRel (image h.hE X)), F'.alphaRel y = a'
but is expected to have type
  h.hE ?m.259 ∈ F'.alphaRel (h.hA ?m.258)
error: formal/ERIEC/Invariance.lean:197:38: Type mismatch: After simplification, term
  haSigma
 has type
  Membership.mem.{u_6, u_6} a' e'
but is expected to have type
  Membership.mem.{u_5, u_5} (F'.sigmaRel (h.hE ?m.283)) (h.hA ?m.284)
warning: formal/ERIEC/Invariance.lean:189:58: This simp argument is unused:
  Set.mem_setOf_eq

Hint: Omit it from the simp argument list.
  simp only [Set.mem_inter_iff, mem_image, Hinge.T_prime,̵ ̵S̵e̵t̵.̵m̵e̵m̵_̵s̵e̵t̵O̵f̵_̵e̵q̵]

Note: This linter can be disabled with `set_option linter.unusedSimpArgs false`
error: formal/ERIEC/Invariance.lean:220:2: No applicable extensionality theorem found for type
  Conf C' E' W

Note: Extensionality theorems can be registered by marking them with the `[ext]` attribute
error: Lean exited with code 1
Some required targets logged failures:
- ERIEC.Invariance
error: build failed
