⚠ [2369/2463] Replayed ERIEC.Value
warning: formal/ERIEC/Value.lean:245:4: try 'simp' instead of 'simpa'

Note: This linter can be disabled with `set_option linter.unnecessarySimpa false`
warning: formal/ERIEC/Value.lean:246:4: try 'simp' instead of 'simpa'

Note: This linter can be disabled with `set_option linter.unnecessarySimpa false`
warning: formal/ERIEC/Value.lean:248:4: Try `simp at he` instead of `simpa using he`

Note: This linter can be disabled with `set_option linter.unnecessarySimpa false`
warning: formal/ERIEC/Value.lean:259:2: try 'simp' instead of 'simpa'

Note: This linter can be disabled with `set_option linter.unnecessarySimpa false`
warning: formal/ERIEC/Value.lean:285:14: try 'simp' instead of 'simpa'

Note: This linter can be disabled with `set_option linter.unnecessarySimpa false`
⚠ [2675/2696] Replayed ERIEC.WorldDC
warning: formal/ERIEC/WorldDC.lean:117:7: Variable name `dc` is not explicitly referenced.

The binding can be removed (if unused) or named `_` (if used implicitly).

Note: This linter can be disabled with `set_option linter.unusedVariables false`
✖ [2693/2696] Building ERIEC.Invariance (8.5s)
trace: .> LEAN_PATH=/Users/yamaguchimitsuyuki/erie-c/.lake/packages/Cli/.lake/build/lib/lean:/Users/yamaguchimitsuyuki/erie-c/.lake/packages/batteries/.lake/build/lib/lean:/Users/yamaguchimitsuyuki/erie-c/.lake/packages/Qq/.lake/build/lib/lean:/Users/yamaguchimitsuyuki/erie-c/.lake/packages/aesop/.lake/build/lib/lean:/Users/yamaguchimitsuyuki/erie-c/.lake/packages/proofwidgets/.lake/build/lib/lean:/Users/yamaguchimitsuyuki/erie-c/.lake/packages/importGraph/.lake/build/lib/lean:/Users/yamaguchimitsuyuki/erie-c/.lake/packages/LeanSearchClient/.lake/build/lib/lean:/Users/yamaguchimitsuyuki/erie-c/.lake/packages/plausible/.lake/build/lib/lean:/Users/yamaguchimitsuyuki/erie-c/.lake/packages/mathlib/.lake/build/lib/lean:/Users/yamaguchimitsuyuki/erie-c/.lake/build/lib/lean /Users/yamaguchimitsuyuki/.elan/toolchains/leanprover--lean4---v4.31.0/bin/lean /Users/yamaguchimitsuyuki/erie-c/formal/ERIEC/Invariance.lean -o /Users/yamaguchimitsuyuki/erie-c/.lake/build/lib/lean/ERIEC/Invariance.olean -i /Users/yamaguchimitsuyuki/erie-c/.lake/build/lib/lean/ERIEC/Invariance.ilean -c /Users/yamaguchimitsuyuki/erie-c/.lake/build/ir/ERIEC/Invariance.c --setup /Users/yamaguchimitsuyuki/erie-c/.lake/build/ir/ERIEC/Invariance.setup.json --json
warning: formal/ERIEC/Invariance.lean:248:25: Used `tac1 <;> tac2` where `(tac1; tac2)` would suffice

Note: This linter can be disabled with `set_option linter.unnecessarySeqFocus false`
error: formal/ERIEC/Invariance.lean:484:50: Application type mismatch: The argument
  (Function.Injective.ne_iff (LinearIsometryEquiv.injective U)).mpr hx.right
has type
  U x ≠ U 0
but is expected to have type
  U x ≠ 0
in the application
  ⟨Module.End.mem_eigenspace_iff.mpr ?m.107, (Function.Injective.ne_iff (LinearIsometryEquiv.injective U)).mpr hx.right⟩
error: formal/ERIEC/Invariance.lean:486:32: Tactic `rewrite` failed: Did not find an occurrence of the pattern
  ↑L x
in the target expression
  U (L x) = lambda • U x

case mp
m n : ℕ
U : EuclideanSpace ℝ (Fin m) ≃ₗᵢ[ℝ] EuclideanSpace ℝ (Fin n)
L : EuclideanSpace ℝ (Fin m) →L[ℝ] EuclideanSpace ℝ (Fin m)
lambda : ℝ
hEigenvalue : Module.End.HasEigenvalue (↑L) lambda
x : EuclideanSpace ℝ (Fin m)
hx : Module.End.HasEigenvector (↑L) lambda x
⊢ U (L x) = lambda • U x
error: formal/ERIEC/Invariance.lean:490:50: Application type mismatch: The argument
  (Function.Injective.ne_iff (LinearIsometryEquiv.injective U.symm)).mpr hy.right
has type
  U.symm y ≠ U.symm 0
but is expected to have type
  U.symm y ≠ 0
in the application
  ⟨Module.End.mem_eigenspace_iff.mpr ?m.210,
    (Function.Injective.ne_iff (LinearIsometryEquiv.injective U.symm)).mpr hy.right⟩
error: Lean exited with code 1
Some required targets logged failures:
- ERIEC.Invariance
error: build failed
