⚠ [2369/2442] Replayed ERIEC.Value
warning: formal/ERIEC/Value.lean:245:4: try 'simp' instead of 'simpa'

Note: This linter can be disabled with `set_option linter.unnecessarySimpa false`
warning: formal/ERIEC/Value.lean:246:4: try 'simp' instead of 'simpa'

Note: This linter can be disabled with `set_option linter.unnecessarySimpa false`
warning: formal/ERIEC/Value.lean:248:4: Try `simp at he` instead of `simpa using he`

Note: This linter can be disabled with `set_option linter.unnecessarySimpa false`
warning: formal/ERIEC/Value.lean:259:2: try 'simp' instead of 'simpa'

Note: This linter can be disabled with `set_option linter.unnecessarySimpa false`
warning: formal/ERIEC/Value.lean:285:14: try 'simp' instead of 'simpa'

Note: This linter can be disabled with `set_option linter.unnecessarySimpa false`
⚠ [2675/2696] Replayed ERIEC.WorldDC
warning: formal/ERIEC/WorldDC.lean:117:7: Variable name `dc` is not explicitly referenced.

The binding can be removed (if unused) or named `_` (if used implicitly).

Note: This linter can be disabled with `set_option linter.unusedVariables false`
✖ [2693/2696] Building ERIEC.Invariance (6.0s)
trace: .> LEAN_PATH=/Users/yamaguchimitsuyuki/erie-c/.lake/packages/Cli/.lake/build/lib/lean:/Users/yamaguchimitsuyuki/erie-c/.lake/packages/batteries/.lake/build/lib/lean:/Users/yamaguchimitsuyuki/erie-c/.lake/packages/Qq/.lake/build/lib/lean:/Users/yamaguchimitsuyuki/erie-c/.lake/packages/aesop/.lake/build/lib/lean:/Users/yamaguchimitsuyuki/erie-c/.lake/packages/proofwidgets/.lake/build/lib/lean:/Users/yamaguchimitsuyuki/erie-c/.lake/packages/importGraph/.lake/build/lib/lean:/Users/yamaguchimitsuyuki/erie-c/.lake/packages/LeanSearchClient/.lake/build/lib/lean:/Users/yamaguchimitsuyuki/erie-c/.lake/packages/plausible/.lake/build/lib/lean:/Users/yamaguchimitsuyuki/erie-c/.lake/packages/mathlib/.lake/build/lib/lean:/Users/yamaguchimitsuyuki/erie-c/.lake/build/lib/lean /Users/yamaguchimitsuyuki/.elan/toolchains/leanprover--lean4---v4.31.0/bin/lean /Users/yamaguchimitsuyuki/erie-c/formal/ERIEC/Invariance.lean -o /Users/yamaguchimitsuyuki/erie-c/.lake/build/lib/lean/ERIEC/Invariance.olean -i /Users/yamaguchimitsuyuki/erie-c/.lake/build/lib/lean/ERIEC/Invariance.ilean -c /Users/yamaguchimitsuyuki/erie-c/.lake/build/ir/ERIEC/Invariance.c --setup /Users/yamaguchimitsuyuki/erie-c/.lake/build/ir/ERIEC/Invariance.setup.json --json
error: formal/ERIEC/Invariance.lean:152:2: Type mismatch: After simplification, term
  hAlpha
 has type
  image h.hE (⋃ y ∈ X, ⋃ x ∈ F.sigmaRel y, F.alphaRel x) =
    Set.iUnion.{u_6, u_2 + 1} fun y => ⋃ (_ : y ∈ X), ⋃ x, ⋃ (_ : h.hA.symm x ∈ F.sigmaRel y), F'.alphaRel x
but is expected to have type
  image h.hE (⋃ y ∈ X, ⋃ x ∈ F.sigmaRel y, F.alphaRel x) =
    Set.iUnion.{u_6, u_6 + 1} fun y => ⋃ (_ : h.hE.symm y ∈ X), ⋃ x ∈ F'.sigmaRel y, F'.alphaRel x
warning: formal/ERIEC/Invariance.lean:193:25: Used `tac1 <;> tac2` where `(tac1; tac2)` would suffice

Note: This linter can be disabled with `set_option linter.unnecessarySeqFocus false`
error: Lean exited with code 1
Some required targets logged failures:
- ERIEC.Invariance
error: build failed
