⚠ [2369/2475] Replayed ERIEC.Value
warning: formal/ERIEC/Value.lean:245:4: try 'simp' instead of 'simpa'

Note: This linter can be disabled with `set_option linter.unnecessarySimpa false`
warning: formal/ERIEC/Value.lean:246:4: try 'simp' instead of 'simpa'

Note: This linter can be disabled with `set_option linter.unnecessarySimpa false`
warning: formal/ERIEC/Value.lean:248:4: Try `simp at he` instead of `simpa using he`

Note: This linter can be disabled with `set_option linter.unnecessarySimpa false`
warning: formal/ERIEC/Value.lean:259:2: try 'simp' instead of 'simpa'

Note: This linter can be disabled with `set_option linter.unnecessarySimpa false`
warning: formal/ERIEC/Value.lean:285:14: try 'simp' instead of 'simpa'

Note: This linter can be disabled with `set_option linter.unnecessarySimpa false`
⚠ [2675/2696] Replayed ERIEC.WorldDC
warning: formal/ERIEC/WorldDC.lean:117:7: Variable name `dc` is not explicitly referenced.

The binding can be removed (if unused) or named `_` (if used implicitly).

Note: This linter can be disabled with `set_option linter.unusedVariables false`
✖ [2693/2696] Building ERIEC.Invariance (6.2s)
trace: .> LEAN_PATH=/Users/yamaguchimitsuyuki/erie-c/.lake/packages/Cli/.lake/build/lib/lean:/Users/yamaguchimitsuyuki/erie-c/.lake/packages/batteries/.lake/build/lib/lean:/Users/yamaguchimitsuyuki/erie-c/.lake/packages/Qq/.lake/build/lib/lean:/Users/yamaguchimitsuyuki/erie-c/.lake/packages/aesop/.lake/build/lib/lean:/Users/yamaguchimitsuyuki/erie-c/.lake/packages/proofwidgets/.lake/build/lib/lean:/Users/yamaguchimitsuyuki/erie-c/.lake/packages/importGraph/.lake/build/lib/lean:/Users/yamaguchimitsuyuki/erie-c/.lake/packages/LeanSearchClient/.lake/build/lib/lean:/Users/yamaguchimitsuyuki/erie-c/.lake/packages/plausible/.lake/build/lib/lean:/Users/yamaguchimitsuyuki/erie-c/.lake/packages/mathlib/.lake/build/lib/lean:/Users/yamaguchimitsuyuki/erie-c/.lake/build/lib/lean /Users/yamaguchimitsuyuki/.elan/toolchains/leanprover--lean4---v4.31.0/bin/lean /Users/yamaguchimitsuyuki/erie-c/formal/ERIEC/Invariance.lean -o /Users/yamaguchimitsuyuki/erie-c/.lake/build/lib/lean/ERIEC/Invariance.olean -i /Users/yamaguchimitsuyuki/erie-c/.lake/build/lib/lean/ERIEC/Invariance.ilean -c /Users/yamaguchimitsuyuki/erie-c/.lake/build/ir/ERIEC/Invariance.c --setup /Users/yamaguchimitsuyuki/erie-c/.lake/build/ir/ERIEC/Invariance.setup.json --json
error: formal/ERIEC/Invariance.lean:83:4: Type mismatch: After simplification, term
  congrArg (fun X => h.hC c ∈ X) (h.kappa_image (h.hS.symm s))
 has type
  Membership.mem.{u_3, u_3} (F.kappa (h.hS.symm s)) c ↔ h.hC c ∈ F'.kappa s
but is expected to have type
  Membership.mem.{u_7, u_7} (F'.kappa s) (h.hC c) ↔ c ∈ F.kappa (h.hS.symm s)
error: formal/ERIEC/Invariance.lean:87:4: Type mismatch: After simplification, term
  congrArg (fun X => h.hE e ∈ X) (h.epsilon_image (h.hS.symm s))
 has type
  Membership.mem.{u_2, u_2} (F.epsilon (h.hS.symm s)) e ↔ h.hE e ∈ F'.epsilon s
but is expected to have type
  Membership.mem.{u_6, u_6} (F'.epsilon s) (h.hE e) ↔ e ∈ F.epsilon (h.hS.symm s)
error: formal/ERIEC/Invariance.lean:91:4: Type mismatch: After simplification, term
  congrArg (fun X => h.hC c ∈ X) h.boundary_image
 has type
  Membership.mem.{u_3, u_3} F.boundary c ↔ h.hC c ∈ F'.boundary
but is expected to have type
  Membership.mem.{u_7, u_7} F'.boundary (h.hC c) ↔ c ∈ F.boundary
error: formal/ERIEC/Invariance.lean:124:17: Invalid `⟨...⟩` notation: The expected type `X (hA.symm (hA a))` is not an inductive type

Note: This notation can only be used when the expected type is an inductive type with a single constructor
error: formal/ERIEC/Invariance.lean:127:20: Tactic `rcases` failed: `ha' : X (hA.symm a')` is not an inductive datatype
error: formal/ERIEC/Invariance.lean:149:6: Tactic `rewrite` failed: Did not find an occurrence of the pattern
  image h.hE (Closure.pi_star F.alphaRel ?X)
in the target expression
  image h.hE (Adj.alpha_star F.alphaRel (Adj.sigma_star F.sigmaRel X)) =
    Adj.alpha_star F'.alphaRel (Adj.sigma_star F'.sigmaRel (image h.hE X))

A : Type u_1
E : Type u_2
C : Type u_3
S : Type u_4
A' : Type u_5
E' : Type u_6
C' : Type u_7
S' : Type u_8
W : Type u_9
F : StaticFrame A E C S W
F' : StaticFrame A' E' C' S' W
h : KIso F F'
X : Set E
⊢ image h.hE (Adj.alpha_star F.alphaRel (Adj.sigma_star F.sigmaRel X)) =
    Adj.alpha_star F'.alphaRel (Adj.sigma_star F'.sigmaRel (image h.hE X))
error: formal/ERIEC/Invariance.lean:160:4: Tactic `rewrite` failed: Did not find an occurrence of the pattern
  image h.hA (Closure.pi_star F.rhoRel ?X)
in the target expression
  image h.hA (Closure.rho_star F.rhoRel (F.kappa s)) ∩ image h.hA (Adj.sigma_star F.sigmaRel (F.epsilon s)) =
    Closure.rho_star F'.rhoRel (F'.kappa (h.hS s)) ∩ Adj.sigma_star F'.sigmaRel (F'.epsilon (h.hS s))

A : Type u_1
E : Type u_2
C : Type u_3
S : Type u_4
A' : Type u_5
E' : Type u_6
C' : Type u_7
S' : Type u_8
W : Type u_9
F : StaticFrame A E C S W
F' : StaticFrame A' E' C' S' W
h : KIso F F'
s : S
⊢ image h.hA (Closure.rho_star F.rhoRel (F.kappa s)) ∩ image h.hA (Adj.sigma_star F.sigmaRel (F.epsilon s)) =
    Closure.rho_star F'.rhoRel (F'.kappa (h.hS s)) ∩ Adj.sigma_star F'.sigmaRel (F'.epsilon (h.hS s))
error: formal/ERIEC/Invariance.lean:191:4: Type mismatch: After simplification, term
  this
 has type
  F.DCAt (h.symm.hS (h.hS s))
but is expected to have type
  F.DCAt s
error: formal/ERIEC/Invariance.lean:230:8: Unknown constant `ERIEC.Dynamics.Conf.ext`
error: formal/ERIEC/Invariance.lean:231:2: No goals to be solved
error: Lean exited with code 1
Some required targets logged failures:
- ERIEC.Invariance
error: build failed
