⚠ [2715/2723] Replayed ERIEC.BridgeFunctor
warning: formal/ERIEC/BridgeFunctor.lean:41:10: This simp argument is unused:
  HingeWitness

Hint: Omit it from the simp argument list.
  simp [H̵i̵n̵g̵e̵W̵i̵t̵n̵e̵s̵s̵,̵ ̵Closure.rho_star, Adj.sigma_star, rhoFull, sigmaRel, carrier]

Note: This linter can be disabled with `set_option linter.unusedSimpArgs false`
warning: formal/ERIEC/BridgeFunctor.lean:75:10: This simp argument is unused:
  HingeWitness

Hint: Omit it from the simp argument list.
  simp [̵H̵i̵n̵g̵e̵W̵i̵t̵n̵e̵s̵s̵,̵ ̵C̵l̵o̵s̵u̵r̵e̵.̵r̵h̵o̵_̵s̵t̵a̵r̵,̵[̲C̲l̲o̲s̲u̲r̲e̲.̲r̲h̲o̲_̲s̲t̲a̲r̲,̲ Adj.sigma_star, rhoRel, sigmaRel, kappa, epsilon]

Note: This linter can be disabled with `set_option linter.unusedSimpArgs false`
warning: formal/ERIEC/BridgeFunctor.lean:115:6: Try `simp at hx` instead of `simpa using hx`

Note: This linter can be disabled with `set_option linter.unnecessarySimpa false`
⚠ [2722/2723] Replayed ERIEC.ViabilityClosure
warning: formal/ERIEC/ViabilityClosure.lean:326:22: Used `tac1 <;> tac2` where `(tac1; tac2)` would suffice

Note: This linter can be disabled with `set_option linter.unnecessarySeqFocus false`
warning: formal/ERIEC/ViabilityClosure.lean:327:22: Used `tac1 <;> tac2` where `(tac1; tac2)` would suffice

Note: This linter can be disabled with `set_option linter.unnecessarySeqFocus false`
warning: formal/ERIEC/ViabilityClosure.lean:328:24: Used `tac1 <;> tac2` where `(tac1; tac2)` would suffice

Note: This linter can be disabled with `set_option linter.unnecessarySeqFocus false`
✔ [2723/2723] Built ERIEC.LayerComposition (6.5s)
Build completed successfully (2723 jobs).
