Precompiling ERIEC...
   3704.0 ms  ✓ ERIEC
  1 dependency successfully precompiled in 4 seconds. 26 already precompiled.
ERROR: LoadError: Some tests did not pass: 1098 passed, 13 failed, 1 errored, 0 broken.
in expression starting at /Users/yamaguchimitsuyuki/bridge-protocol/test/test_formal_julia_contract.jl:1
Lean Julia contract: Test Failed at /Users/yamaguchimitsuyuki/bridge-protocol/test/test_formal_julia_contract.jl:1066
  Expression: any((text->begin
            #= /Users/yamaguchimitsuyuki/bridge-protocol/test/test_formal_julia_contract.jl:1066 =#
            occursin(declaration_regex(lean_name), text)
        end), texts)

Stacktrace:
 [1] macro expansion
   @ /usr/local/Cellar/julia/1.11.6/share/julia/stdlib/v1.11/Test/src/Test.jl:680 [inlined]
 [2] macro expansion
   @ ~/bridge-protocol/test/test_formal_julia_contract.jl:1066 [inlined]
 [3] macro expansion
   @ /usr/local/Cellar/julia/1.11.6/share/julia/stdlib/v1.11/Test/src/Test.jl:1709 [inlined]
 [4] top-level scope
   @ ~/bridge-protocol/test/test_formal_julia_contract.jl:2
Lean Julia contract: Test Failed at /Users/yamaguchimitsuyuki/bridge-protocol/test/test_formal_julia_contract.jl:1066
  Expression: any((text->begin
            #= /Users/yamaguchimitsuyuki/bridge-protocol/test/test_formal_julia_contract.jl:1066 =#
            occursin(declaration_regex(lean_name), text)
        end), texts)

Stacktrace:
 [1] macro expansion
   @ /usr/local/Cellar/julia/1.11.6/share/julia/stdlib/v1.11/Test/src/Test.jl:680 [inlined]
 [2] macro expansion
   @ ~/bridge-protocol/test/test_formal_julia_contract.jl:1066 [inlined]
 [3] macro expansion
   @ /usr/local/Cellar/julia/1.11.6/share/julia/stdlib/v1.11/Test/src/Test.jl:1709 [inlined]
 [4] top-level scope
   @ ~/bridge-protocol/test/test_formal_julia_contract.jl:2
Lean Julia contract: Test Failed at /Users/yamaguchimitsuyuki/bridge-protocol/test/test_formal_julia_contract.jl:1066
  Expression: any((text->begin
            #= /Users/yamaguchimitsuyuki/bridge-protocol/test/test_formal_julia_contract.jl:1066 =#
            occursin(declaration_regex(lean_name), text)
        end), texts)

Stacktrace:
 [1] macro expansion
   @ /usr/local/Cellar/julia/1.11.6/share/julia/stdlib/v1.11/Test/src/Test.jl:680 [inlined]
 [2] macro expansion
   @ ~/bridge-protocol/test/test_formal_julia_contract.jl:1066 [inlined]
 [3] macro expansion
   @ /usr/local/Cellar/julia/1.11.6/share/julia/stdlib/v1.11/Test/src/Test.jl:1709 [inlined]
 [4] top-level scope
   @ ~/bridge-protocol/test/test_formal_julia_contract.jl:2
Lean Julia contract: Test Failed at /Users/yamaguchimitsuyuki/bridge-protocol/test/test_formal_julia_contract.jl:1066
  Expression: any((text->begin
            #= /Users/yamaguchimitsuyuki/bridge-protocol/test/test_formal_julia_contract.jl:1066 =#
            occursin(declaration_regex(lean_name), text)
        end), texts)

Stacktrace:
 [1] macro expansion
   @ /usr/local/Cellar/julia/1.11.6/share/julia/stdlib/v1.11/Test/src/Test.jl:680 [inlined]
 [2] macro expansion
   @ ~/bridge-protocol/test/test_formal_julia_contract.jl:1066 [inlined]
 [3] macro expansion
   @ /usr/local/Cellar/julia/1.11.6/share/julia/stdlib/v1.11/Test/src/Test.jl:1709 [inlined]
 [4] top-level scope
   @ ~/bridge-protocol/test/test_formal_julia_contract.jl:2
Lean Julia contract: Test Failed at /Users/yamaguchimitsuyuki/bridge-protocol/test/test_formal_julia_contract.jl:1066
  Expression: any((text->begin
            #= /Users/yamaguchimitsuyuki/bridge-protocol/test/test_formal_julia_contract.jl:1066 =#
            occursin(declaration_regex(lean_name), text)
        end), texts)

Stacktrace:
 [1] macro expansion
   @ /usr/local/Cellar/julia/1.11.6/share/julia/stdlib/v1.11/Test/src/Test.jl:680 [inlined]
 [2] macro expansion
   @ ~/bridge-protocol/test/test_formal_julia_contract.jl:1066 [inlined]
 [3] macro expansion
   @ /usr/local/Cellar/julia/1.11.6/share/julia/stdlib/v1.11/Test/src/Test.jl:1709 [inlined]
 [4] top-level scope
   @ ~/bridge-protocol/test/test_formal_julia_contract.jl:2
Lean Julia contract: Test Failed at /Users/yamaguchimitsuyuki/bridge-protocol/test/test_formal_julia_contract.jl:1066
  Expression: any((text->begin
            #= /Users/yamaguchimitsuyuki/bridge-protocol/test/test_formal_julia_contract.jl:1066 =#
            occursin(declaration_regex(lean_name), text)
        end), texts)

Stacktrace:
 [1] macro expansion
   @ /usr/local/Cellar/julia/1.11.6/share/julia/stdlib/v1.11/Test/src/Test.jl:680 [inlined]
 [2] macro expansion
   @ ~/bridge-protocol/test/test_formal_julia_contract.jl:1066 [inlined]
 [3] macro expansion
   @ /usr/local/Cellar/julia/1.11.6/share/julia/stdlib/v1.11/Test/src/Test.jl:1709 [inlined]
 [4] top-level scope
   @ ~/bridge-protocol/test/test_formal_julia_contract.jl:2
Lean Julia contract: Test Failed at /Users/yamaguchimitsuyuki/bridge-protocol/test/test_formal_julia_contract.jl:1066
  Expression: any((text->begin
            #= /Users/yamaguchimitsuyuki/bridge-protocol/test/test_formal_julia_contract.jl:1066 =#
            occursin(declaration_regex(lean_name), text)
        end), texts)

Stacktrace:
 [1] macro expansion
   @ /usr/local/Cellar/julia/1.11.6/share/julia/stdlib/v1.11/Test/src/Test.jl:680 [inlined]
 [2] macro expansion
   @ ~/bridge-protocol/test/test_formal_julia_contract.jl:1066 [inlined]
 [3] macro expansion
   @ /usr/local/Cellar/julia/1.11.6/share/julia/stdlib/v1.11/Test/src/Test.jl:1709 [inlined]
 [4] top-level scope
   @ ~/bridge-protocol/test/test_formal_julia_contract.jl:2
Lean Julia contract: Test Failed at /Users/yamaguchimitsuyuki/bridge-protocol/test/test_formal_julia_contract.jl:1066
  Expression: any((text->begin
            #= /Users/yamaguchimitsuyuki/bridge-protocol/test/test_formal_julia_contract.jl:1066 =#
            occursin(declaration_regex(lean_name), text)
        end), texts)

Stacktrace:
 [1] macro expansion
   @ /usr/local/Cellar/julia/1.11.6/share/julia/stdlib/v1.11/Test/src/Test.jl:680 [inlined]
 [2] macro expansion
   @ ~/bridge-protocol/test/test_formal_julia_contract.jl:1066 [inlined]
 [3] macro expansion
   @ /usr/local/Cellar/julia/1.11.6/share/julia/stdlib/v1.11/Test/src/Test.jl:1709 [inlined]
 [4] top-level scope
   @ ~/bridge-protocol/test/test_formal_julia_contract.jl:2
Lean Julia contract: Test Failed at /Users/yamaguchimitsuyuki/bridge-protocol/test/test_formal_julia_contract.jl:1066
  Expression: any((text->begin
            #= /Users/yamaguchimitsuyuki/bridge-protocol/test/test_formal_julia_contract.jl:1066 =#
            occursin(declaration_regex(lean_name), text)
        end), texts)

Stacktrace:
 [1] macro expansion
   @ /usr/local/Cellar/julia/1.11.6/share/julia/stdlib/v1.11/Test/src/Test.jl:680 [inlined]
 [2] macro expansion
   @ ~/bridge-protocol/test/test_formal_julia_contract.jl:1066 [inlined]
 [3] macro expansion
   @ /usr/local/Cellar/julia/1.11.6/share/julia/stdlib/v1.11/Test/src/Test.jl:1709 [inlined]
 [4] top-level scope
   @ ~/bridge-protocol/test/test_formal_julia_contract.jl:2
Lean Julia contract: Test Failed at /Users/yamaguchimitsuyuki/bridge-protocol/test/test_formal_julia_contract.jl:1066
  Expression: any((text->begin
            #= /Users/yamaguchimitsuyuki/bridge-protocol/test/test_formal_julia_contract.jl:1066 =#
            occursin(declaration_regex(lean_name), text)
        end), texts)

Stacktrace:
 [1] macro expansion
   @ /usr/local/Cellar/julia/1.11.6/share/julia/stdlib/v1.11/Test/src/Test.jl:680 [inlined]
 [2] macro expansion
   @ ~/bridge-protocol/test/test_formal_julia_contract.jl:1066 [inlined]
 [3] macro expansion
   @ /usr/local/Cellar/julia/1.11.6/share/julia/stdlib/v1.11/Test/src/Test.jl:1709 [inlined]
 [4] top-level scope
   @ ~/bridge-protocol/test/test_formal_julia_contract.jl:2
Lean Julia contract: Test Failed at /Users/yamaguchimitsuyuki/bridge-protocol/test/test_formal_julia_contract.jl:1229
  Expression: certified_artifact_ok(artifact_check)

Stacktrace:
 [1] macro expansion
   @ /usr/local/Cellar/julia/1.11.6/share/julia/stdlib/v1.11/Test/src/Test.jl:680 [inlined]
 [2] macro expansion
   @ ~/bridge-protocol/test/test_formal_julia_contract.jl:1229 [inlined]
 [3] macro expansion
   @ /usr/local/Cellar/julia/1.11.6/share/julia/stdlib/v1.11/Test/src/Test.jl:1709 [inlined]
 [4] top-level scope
   @ ~/bridge-protocol/test/test_formal_julia_contract.jl:2
Lean Julia contract: Test Failed at /Users/yamaguchimitsuyuki/bridge-protocol/test/test_formal_julia_contract.jl:1231
  Expression: isempty(artifact_check.missing_lean)
   Evaluated: isempty(CertifiedContract[CertifiedContract("temporaldc.observed_termination", "ERIEC.TemporalDC", "Certification.ObservedTerminationStep", "def", :check_observed_termination, :check_observed_termination), CertifiedContract("temporaldc.permanent_termination", "ERIEC.TemporalDC", "Certification.PermanentTerminationStep", "def", :check_permanent_termination_prefix, :check_permanent_termination_prefix)])

Stacktrace:
 [1] macro expansion
   @ /usr/local/Cellar/julia/1.11.6/share/julia/stdlib/v1.11/Test/src/Test.jl:680 [inlined]
 [2] macro expansion
   @ ~/bridge-protocol/test/test_formal_julia_contract.jl:1231 [inlined]
 [3] macro expansion
   @ /usr/local/Cellar/julia/1.11.6/share/julia/stdlib/v1.11/Test/src/Test.jl:1709 [inlined]
 [4] top-level scope
   @ ~/bridge-protocol/test/test_formal_julia_contract.jl:2
Lean Julia contract: Test Failed at /Users/yamaguchimitsuyuki/bridge-protocol/test/test_formal_julia_contract.jl:1240
  Expression: summary.ok

Stacktrace:
 [1] macro expansion
   @ /usr/local/Cellar/julia/1.11.6/share/julia/stdlib/v1.11/Test/src/Test.jl:680 [inlined]
 [2] macro expansion
   @ ~/bridge-protocol/test/test_formal_julia_contract.jl:1240 [inlined]
 [3] macro expansion
   @ /usr/local/Cellar/julia/1.11.6/share/julia/stdlib/v1.11/Test/src/Test.jl:1709 [inlined]
 [4] top-level scope
   @ ~/bridge-protocol/test/test_formal_julia_contract.jl:2
Lean Julia contract: Error During Test at /Users/yamaguchimitsuyuki/bridge-protocol/test/test_formal_julia_contract.jl:1
  Got exception outside of a @test
  ArgumentError: cannot certify payload with a failing artifact check
  Stacktrace:
   [1] certified_artifact_envelope(payload::@NamedTuple{kind::Symbol}, check::CertifiedArtifactCheck)
     @ ERIEC ~/bridge-protocol/src/certification.jl:288
   [2] macro expansion
     @ ~/bridge-protocol/test/test_formal_julia_contract.jl:1257 [inlined]
   [3] macro expansion
     @ /usr/local/Cellar/julia/1.11.6/share/julia/stdlib/v1.11/Test/src/Test.jl:1709 [inlined]
   [4] top-level scope
     @ ~/bridge-protocol/test/test_formal_julia_contract.jl:2
   [5] include(fname::String)
     @ Main ./sysimg.jl:38
   [6] top-level scope
     @ none:1
Test Summary:       | Pass  Fail  Error  Total   Time
Lean Julia contract | 1098    13      1   1112  25.7s
