formal/ERIEC/BridgeFunctor.lean:40:10: warning: This simp argument is unused:
  HingeWitness

Hint: Omit it from the simp argument list.
  simp [H̵i̵n̵g̵e̵W̵i̵t̵n̵e̵s̵s̵,̵ ̵Closure.rho_star, Adj.sigma_star, rhoFull, sigmaRel, carrier]

Note: This linter can be disabled with `set_option linter.unusedSimpArgs false`
formal/ERIEC/BridgeFunctor.lean:74:10: warning: This simp argument is unused:
  HingeWitness

Hint: Omit it from the simp argument list.
  simp [̵H̵i̵n̵g̵e̵W̵i̵t̵n̵e̵s̵s̵,̵ ̵C̵l̵o̵s̵u̵r̵e̵.̵r̵h̵o̵_̵s̵t̵a̵r̵,̵[̲C̲l̲o̲s̲u̲r̲e̲.̲r̲h̲o̲_̲s̲t̲a̲r̲,̲ Adj.sigma_star, rhoRel, sigmaRel, kappa, epsilon]

Note: This linter can be disabled with `set_option linter.unusedSimpArgs false`
formal/ERIEC/BridgeFunctor.lean:114:6: warning: Try `simp at hx` instead of `simpa using hx`

Note: This linter can be disabled with `set_option linter.unnecessarySimpa false`
formal/ERIEC/BridgeFunctor.lean:209:2: error: Type mismatch
  hingeClassifyingLoop_nontrivial_iff
has type
  ∀ (rhoRel : ?m.15 → Set ?m.13) (sigmaRel : ?m.14 → Set ?m.13) (kappa : Set ?m.15) (epsilon : Set ?m.14),
    World.WldNontrivial (hingeClassifyingLoop rhoRel sigmaRel kappa epsilon) ↔
      HingeWitness rhoRel sigmaRel kappa epsilon
but is expected to have type
  World.WldNontrivial (hingeClassifyingLoop X.rhoRel X.sigmaRel X.kappa X.epsilon) ↔ X.holds
