⚠ [2715/2770] Replayed ERIEC.BridgeFunctor
warning: formal/ERIEC/BridgeFunctor.lean:41:10: This simp argument is unused:
  HingeWitness

Hint: Omit it from the simp argument list.
  simp [H̵i̵n̵g̵e̵W̵i̵t̵n̵e̵s̵s̵,̵ ̵Closure.rho_star, Adj.sigma_star, rhoFull, sigmaRel, carrier]

Note: This linter can be disabled with `set_option linter.unusedSimpArgs false`
warning: formal/ERIEC/BridgeFunctor.lean:75:10: This simp argument is unused:
  HingeWitness

Hint: Omit it from the simp argument list.
  simp [̵H̵i̵n̵g̵e̵W̵i̵t̵n̵e̵s̵s̵,̵ ̵C̵l̵o̵s̵u̵r̵e̵.̵r̵h̵o̵_̵s̵t̵a̵r̵,̵[̲C̲l̲o̲s̲u̲r̲e̲.̲r̲h̲o̲_̲s̲t̲a̲r̲,̲ Adj.sigma_star, rhoRel, sigmaRel, kappa, epsilon]

Note: This linter can be disabled with `set_option linter.unusedSimpArgs false`
warning: formal/ERIEC/BridgeFunctor.lean:115:6: Try `simp at hx` instead of `simpa using hx`

Note: This linter can be disabled with `set_option linter.unnecessarySimpa false`
⚠ [2722/2770] Replayed ERIEC.ViabilityClosure
warning: formal/ERIEC/ViabilityClosure.lean:326:22: Used `tac1 <;> tac2` where `(tac1; tac2)` would suffice

Note: This linter can be disabled with `set_option linter.unnecessarySeqFocus false`
warning: formal/ERIEC/ViabilityClosure.lean:327:22: Used `tac1 <;> tac2` where `(tac1; tac2)` would suffice

Note: This linter can be disabled with `set_option linter.unnecessarySeqFocus false`
warning: formal/ERIEC/ViabilityClosure.lean:328:24: Used `tac1 <;> tac2` where `(tac1; tac2)` would suffice

Note: This linter can be disabled with `set_option linter.unnecessarySeqFocus false`
⚠ [2728/2770] Replayed ERIEC.Value
warning: formal/ERIEC/Value.lean:245:4: try 'simp' instead of 'simpa'

Note: This linter can be disabled with `set_option linter.unnecessarySimpa false`
warning: formal/ERIEC/Value.lean:246:4: try 'simp' instead of 'simpa'

Note: This linter can be disabled with `set_option linter.unnecessarySimpa false`
warning: formal/ERIEC/Value.lean:248:4: Try `simp at he` instead of `simpa using he`

Note: This linter can be disabled with `set_option linter.unnecessarySimpa false`
warning: formal/ERIEC/Value.lean:259:2: try 'simp' instead of 'simpa'

Note: This linter can be disabled with `set_option linter.unnecessarySimpa false`
warning: formal/ERIEC/Value.lean:285:14: try 'simp' instead of 'simpa'

Note: This linter can be disabled with `set_option linter.unnecessarySimpa false`
⚠ [2729/2770] Replayed ERIEC.WorldDC
warning: formal/ERIEC/WorldDC.lean:117:7: Variable name `dc` is not explicitly referenced.

The binding can be removed (if unused) or named `_` (if used implicitly).

Note: This linter can be disabled with `set_option linter.unusedVariables false`
⚠ [2745/2770] Replayed ERIEC.Wager.Independence
warning: formal/ERIEC/Wager/Independence.lean:52:2: Try `simp at hmem` instead of `simpa using hmem`

Note: This linter can be disabled with `set_option linter.unnecessarySimpa false`
⚠ [2764/2770] Replayed ERIEC.Gap
warning: formal/ERIEC/Gap.lean:89:27: Try `simp at h` instead of `simpa using h`

Note: This linter can be disabled with `set_option linter.unnecessarySimpa false`
✖ [2768/2770] Building ERIEC.Traceability (939ms)
trace: .> LEAN_PATH=/Users/yamaguchimitsuyuki/erie-c/.lake/packages/Cli/.lake/build/lib/lean:/Users/yamaguchimitsuyuki/erie-c/.lake/packages/batteries/.lake/build/lib/lean:/Users/yamaguchimitsuyuki/erie-c/.lake/packages/Qq/.lake/build/lib/lean:/Users/yamaguchimitsuyuki/erie-c/.lake/packages/aesop/.lake/build/lib/lean:/Users/yamaguchimitsuyuki/erie-c/.lake/packages/proofwidgets/.lake/build/lib/lean:/Users/yamaguchimitsuyuki/erie-c/.lake/packages/importGraph/.lake/build/lib/lean:/Users/yamaguchimitsuyuki/erie-c/.lake/packages/LeanSearchClient/.lake/build/lib/lean:/Users/yamaguchimitsuyuki/erie-c/.lake/packages/plausible/.lake/build/lib/lean:/Users/yamaguchimitsuyuki/erie-c/.lake/packages/mathlib/.lake/build/lib/lean:/Users/yamaguchimitsuyuki/erie-c/.lake/build/lib/lean /Users/yamaguchimitsuyuki/.elan/toolchains/leanprover--lean4---v4.31.0/bin/lean /Users/yamaguchimitsuyuki/erie-c/formal/ERIEC/Traceability.lean -o /Users/yamaguchimitsuyuki/erie-c/.lake/build/lib/lean/ERIEC/Traceability.olean -i /Users/yamaguchimitsuyuki/erie-c/.lake/build/lib/lean/ERIEC/Traceability.ilean -c /Users/yamaguchimitsuyuki/erie-c/.lake/build/ir/ERIEC/Traceability.c --setup /Users/yamaguchimitsuyuki/erie-c/.lake/build/ir/ERIEC/Traceability.setup.json --json
error: formal/ERIEC/Traceability.lean:84:3: unknown tactic
error: formal/ERIEC/Traceability.lean:82:40: unsolved goals
Text : Type u
FormulaNF : Type v
inst✝ : DecidableEq FormulaNF
T : VocabularyTest Text FormulaNF
text : Text
⊢ Decidable (T.translate (T.strongSubst text) = T.translate (T.neutralSubst text))
error: formal/ERIEC/Traceability.lean:90:3: unknown tactic
error: formal/ERIEC/Traceability.lean:88:45: unsolved goals
Text : Type u
FormulaNF : Type v
inst✝ : DecidableEq FormulaNF
T : VocabularyTest Text FormulaNF
text : Text
⊢ Decidable (T.translate (T.strongSubst text) ≠ T.translate (T.neutralSubst text))
error: Lean exited with code 1
Some required targets logged failures:
- ERIEC.Traceability
error: build failed
