✔ [1/5] Built Cache.Cli (735ms)
✔ [2/5] Built Cache.Lean (857ms)
✔ [7/26] Built Cache.Cli:c.o (851ms)
✔ [8/26] Built Cache.Lean:c.o (851ms)
✔ [9/26] Built Cache.Infra (1.0s)
✔ [10/26] Built Cache.Infra:c.o (453ms)
✔ [11/26] Built Batteries.Tactic.OpenPrivate:c.o (2.6s)
✔ [12/26] Built Cache.IO (3.1s)
✔ [13/26] Built Cache.Hashing (1.8s)
✔ [14/26] Built Cache.Hashing:c.o (847ms)
✔ [15/26] Built Cache.IO:c.o (2.8s)
✔ [16/26] Built Cache.Requests (3.9s)
✔ [17/26] Built Cache.Marker (1.3s)
✔ [18/26] Built Cache.Marker:c.o (301ms)
✔ [19/26] Built Cache.Query (1.5s)
✔ [20/26] Built Cache.Query:c.o (597ms)
✔ [21/26] Built Cache.Warning (1.6s)
✔ [22/26] Built Cache.Requests:c.o (4.8s)
✔ [23/26] Built Cache.Warning:c.o (575ms)
✔ [24/26] Built Cache.Main (3.4s)
✔ [25/26] Built Cache.Main:c.o (1.8s)
✔ [26/26] Built cache:exe (4.2s)
Current branch: HEAD
Using cache from origin: (some leanprover-community/mathlib4)
Decompressing 8378 already-cached file(s) (186 already decompressed)
No files to download
Decompressed 8378 already-cached file(s)
Completed successfully in 29258 ms!
