info: mathlib: cloning https://github.com/leanprover-community/mathlib4.git
info: mathlib: checking out revision '4176265817544b3530eca07e02a704b0316f2ab8'
info: plausible: cloning https://github.com/leanprover-community/plausible
info: plausible: checking out revision '63045536fe95024e6c18fc7b48e03f506701c5bc'
info: LeanSearchClient: cloning https://github.com/leanprover-community/LeanSearchClient
info: LeanSearchClient: checking out revision 'c5d5b8fe6e5158def25cd28eb94e4141ad97c843'
info: importGraph: cloning https://github.com/leanprover-community/import-graph
info: importGraph: checking out revision '5c7542ed018c78194f1e2b903eaf6a792b74c03d'
info: proofwidgets: cloning https://github.com/leanprover-community/ProofWidgets4
info: proofwidgets: checking out revision '24b0d9dc081c5423f8eec7e866c441e5184f29d9'
info: aesop: cloning https://github.com/leanprover-community/aesop
info: aesop: checking out revision 'e3cb2f741431ce31bf73549fb52316a57368b06f'
info: Qq: cloning https://github.com/leanprover-community/quote4
info: Qq: checking out revision 'f46324995fca5f0483b742e4eb4daec7f4ee50d2'
info: batteries: cloning https://github.com/leanprover-community/batteries
info: batteries: checking out revision 'fc38104235ab6cf8a448a74405aa258804ef4e36'
info: Cli: cloning https://github.com/leanprover/lean4-cli
info: Cli: checking out revision '92564e5770e4d09f2d86dfbf8ada1e9c715b384c'
formal/ERIEC/Markers.lean:1:0: error: unknown module prefix 'Mathlib'

No directory 'Mathlib' or file 'Mathlib.olean' in the search path entries:
/Users/yamaguchimitsuyuki/bridge-protocol/.lake/packages/Cli/.lake/build/lib/lean
/Users/yamaguchimitsuyuki/bridge-protocol/.lake/packages/batteries/.lake/build/lib/lean
/Users/yamaguchimitsuyuki/bridge-protocol/.lake/packages/Qq/.lake/build/lib/lean
/Users/yamaguchimitsuyuki/bridge-protocol/.lake/packages/aesop/.lake/build/lib/lean
/Users/yamaguchimitsuyuki/bridge-protocol/.lake/packages/proofwidgets/.lake/build/lib/lean
/Users/yamaguchimitsuyuki/bridge-protocol/.lake/packages/importGraph/.lake/build/lib/lean
/Users/yamaguchimitsuyuki/bridge-protocol/.lake/packages/LeanSearchClient/.lake/build/lib/lean
/Users/yamaguchimitsuyuki/bridge-protocol/.lake/packages/plausible/.lake/build/lib/lean
/Users/yamaguchimitsuyuki/bridge-protocol/.lake/packages/mathlib/.lake/build/lib/lean
/Users/yamaguchimitsuyuki/bridge-protocol/.lake/build/lib/lean
/Users/yamaguchimitsuyuki/.elan/toolchains/leanprover--lean4---v4.31.0/lib/lean
/Users/yamaguchimitsuyuki/.elan/toolchains/leanprover--lean4---v4.31.0/lib/lean
