✔ [2708/2771] Built ERIEC.Invariance.External (1.1s)
✔ [2709/2771] Built ERIEC.RefModel.Basic (1.1s)
✔ [2710/2771] Built ERIEC.Graded (1.8s)
✔ [2711/2771] Built ERIEC.Gate (1.7s)
✔ [2712/2771] Built ERIEC.Traceability (1.7s)
✔ [2713/2771] Built ERIEC.Decomp (3.2s)
✔ [2714/2771] Built ERIEC.Guard (3.7s)
✔ [2715/2771] Built ERIEC.Adjunction (5.9s)
✔ [2716/2771] Built ERIEC.Wager.Basic (6.4s)
✔ [2717/2771] Built ERIEC.Closure (2.7s)
✔ [2718/2771] Built ERIEC.Hinge (2.7s)
✔ [2719/2771] Built ERIEC.Grading (2.8s)
⚠ [2720/2771] Built ERIEC.Wager.Independence (3.3s)
warning: formal/ERIEC/Wager/Independence.lean:52:2: Try `simp at hmem` instead of `simpa using hmem`

Note: This linter can be disabled with `set_option linter.unnecessarySimpa false`
✔ [2721/2771] Built ERIEC.Decay (2.9s)
✔ [2722/2771] Built ERIEC.Collapse (2.9s)
✔ [2723/2771] Built ERIEC.DC (2.0s)
✔ [2724/2771] Built ERIEC.Invariance.Basic (3.3s)
✔ [2725/2771] Built ERIEC.Wager.Richness (3.6s)
✔ [2726/2771] Built ERIEC.Richness (3.2s)
✔ [2727/2771] Built ERIEC.Invariance.Lemmas (3.3s)
✔ [2728/2771] Built ERIEC.Sensitivity (16s)
✔ [2729/2771] Built ERIEC.HilbertIntertwiner (16s)
✔ [2730/2771] Built ERIEC.Wager.Preservation (3.9s)
✔ [2731/2771] Built ERIEC.Dynamics (5.0s)
⚠ [2732/2771] Built ERIEC.Value (5.3s)
warning: formal/ERIEC/Value.lean:245:4: try 'simp' instead of 'simpa'

Note: This linter can be disabled with `set_option linter.unnecessarySimpa false`
warning: formal/ERIEC/Value.lean:246:4: try 'simp' instead of 'simpa'

Note: This linter can be disabled with `set_option linter.unnecessarySimpa false`
warning: formal/ERIEC/Value.lean:248:4: Try `simp at he` instead of `simpa using he`

Note: This linter can be disabled with `set_option linter.unnecessarySimpa false`
warning: formal/ERIEC/Value.lean:259:2: try 'simp' instead of 'simpa'

Note: This linter can be disabled with `set_option linter.unnecessarySimpa false`
warning: formal/ERIEC/Value.lean:285:14: try 'simp' instead of 'simpa'

Note: This linter can be disabled with `set_option linter.unnecessarySimpa false`
⚠ [2733/2771] Built ERIEC.Gap (3.5s)
warning: formal/ERIEC/Gap.lean:93:27: Try `simp at h` instead of `simpa using h`

Note: This linter can be disabled with `set_option linter.unnecessarySimpa false`
warning: formal/ERIEC/Gap.lean:113:6: Try `simp at haSig` instead of `simpa using haSig`

Note: This linter can be disabled with `set_option linter.unnecessarySimpa false`
warning: formal/ERIEC/Gap.lean:144:8: try 'simp' instead of 'simpa'

Note: This linter can be disabled with `set_option linter.unnecessarySimpa false`
warning: formal/ERIEC/Gap.lean:182:2: Try `simp at hnonempty` instead of `simpa using hnonempty`

Note: This linter can be disabled with `set_option linter.unnecessarySimpa false`
warning: formal/ERIEC/Gap.lean:213:2: Try `simp at hnonempty` instead of `simpa using hnonempty`

Note: This linter can be disabled with `set_option linter.unnecessarySimpa false`
warning: formal/ERIEC/Gap.lean:226:6: try 'simp' instead of 'simpa'

Note: This linter can be disabled with `set_option linter.unnecessarySimpa false`
warning: formal/ERIEC/Gap.lean:251:31: Try `simp at h` instead of `simpa using h`

Note: This linter can be disabled with `set_option linter.unnecessarySimpa false`
warning: formal/ERIEC/Gap.lean:275:31: Try `simp at h` instead of `simpa using h`

Note: This linter can be disabled with `set_option linter.unnecessarySimpa false`
✔ [2734/2771] Built ERIEC.Invariance.Static (3.4s)
✔ [2735/2771] Built ERIEC.Wager.Models (3.8s)
✔ [2736/2771] Built ERIEC.Body (6.7s)
✔ [2737/2771] Built ERIEC.Invariance.Dynamic (3.9s)
✔ [2738/2771] Built ERIEC.Wager (3.2s)
✔ [2739/2771] Built ERIEC.InterfaceLinearization (7.9s)
✔ [2740/2771] Built ERIEC.MetaSelection (5.6s)
✔ [2741/2771] Built ERIEC.OpenEvolution (5.6s)
✔ [2742/2771] Built ERIEC.World (19s)
✔ [2743/2771] Built ERIEC.TemporalDC (6.9s)
✔ [2744/2771] Built ERIEC.Lineage (7.1s)
✔ [2745/2771] Built ERIEC.RefModel.Stable (8.6s)
⚠ [2746/2771] Built ERIEC.WorldDC (8.6s)
warning: formal/ERIEC/WorldDC.lean:117:7: Variable name `dc` is not explicitly referenced.

The binding can be removed (if unused) or named `_` (if used implicitly).

Note: This linter can be disabled with `set_option linter.unusedVariables false`
⚠ [2747/2771] Built ERIEC.BridgeFunctor (9.9s)
warning: formal/ERIEC/BridgeFunctor.lean:41:10: This simp argument is unused:
  HingeWitness

Hint: Omit it from the simp argument list.
  simp [H̵i̵n̵g̵e̵W̵i̵t̵n̵e̵s̵s̵,̵ ̵Closure.rho_star, Adj.sigma_star, rhoFull, sigmaRel, carrier]

Note: This linter can be disabled with `set_option linter.unusedSimpArgs false`
warning: formal/ERIEC/BridgeFunctor.lean:75:10: This simp argument is unused:
  HingeWitness

Hint: Omit it from the simp argument list.
  simp [̵H̵i̵n̵g̵e̵W̵i̵t̵n̵e̵s̵s̵,̵ ̵C̵l̵o̵s̵u̵r̵e̵.̵r̵h̵o̵_̵s̵t̵a̵r̵,̵[̲C̲l̲o̲s̲u̲r̲e̲.̲r̲h̲o̲_̲s̲t̲a̲r̲,̲ Adj.sigma_star, rhoRel, sigmaRel, kappa, epsilon]

Note: This linter can be disabled with `set_option linter.unusedSimpArgs false`
warning: formal/ERIEC/BridgeFunctor.lean:115:6: Try `simp at hx` instead of `simpa using hx`

Note: This linter can be disabled with `set_option linter.unnecessarySimpa false`
✔ [2748/2771] Built ERIEC.Invariance.Spectral (11s)
✔ [2749/2771] Built ERIEC.Generation (9.3s)
✔ [2750/2771] Built ERIEC.TRMTopologyTransition (9.5s)
✔ [2751/2771] Built ERIEC.OpenDynamics (11s)
✔ [2752/2771] Built ERIEC.RefModel.Dynamic (8.8s)
⚠ [2753/2771] Built ERIEC.ViabilityClosure (18s)
warning: formal/ERIEC/ViabilityClosure.lean:326:22: Used `tac1 <;> tac2` where `(tac1; tac2)` would suffice

Note: This linter can be disabled with `set_option linter.unnecessarySeqFocus false`
warning: formal/ERIEC/ViabilityClosure.lean:327:22: Used `tac1 <;> tac2` where `(tac1; tac2)` would suffice

Note: This linter can be disabled with `set_option linter.unnecessarySeqFocus false`
warning: formal/ERIEC/ViabilityClosure.lean:328:24: Used `tac1 <;> tac2` where `(tac1; tac2)` would suffice

Note: This linter can be disabled with `set_option linter.unnecessarySeqFocus false`
✔ [2754/2771] Built ERIEC.WorldDCRep (9.1s)
✔ [2755/2771] Built ERIEC.Invariance (7.5s)
✔ [2756/2771] Built ERIEC.StructuralHinge (10s)
✔ [2757/2771] Built ERIEC.Audit (6.1s)
✔ [2758/2771] Built ERIEC.Centering (6.4s)
✔ [2759/2771] Built ERIEC.LayerComposition (6.2s)
✔ [2760/2771] Built ERIEC.TheoryTranslation (6.5s)
✔ [2761/2771] Built ERIEC.OpenSimC (6.5s)
✔ [2762/2771] Built ERIEC.Markers (7.5s)
⚠ [2763/2771] Built ERIEC.RefModelV52 (7.7s)
warning: formal/ERIEC/RefModelV52.lean:165:10: This simp argument is unused:
  Gap.GapUp

Hint: Omit it from the simp argument list.
  simp [G̵a̵p̵.̵G̵a̵p̵U̵p̵,̵ ̵Adj.sigma_star, sigmaRel]

Note: This linter can be disabled with `set_option linter.unusedSimpArgs false`
warning: formal/ERIEC/RefModelV52.lean:166:10: This simp argument is unused:
  Gap.GapUp

Hint: Omit it from the simp argument list.
  simp [G̵a̵p̵.̵G̵a̵p̵U̵p̵,̵ ̵Adj.sigma_star_induced, alphaRel]

Note: This linter can be disabled with `set_option linter.unusedSimpArgs false`
warning: formal/ERIEC/RefModelV52.lean:318:10: This simp argument is unused:
  StaticFrame.DCAt

Hint: Omit it from the simp argument list.
  simp [S̵t̵a̵t̵i̵c̵F̵r̵a̵m̵e̵.̵D̵C̵A̵t̵,̵ ̵frame, Closure.Phi, Closure.pi_star, Closure.rho_star]

Note: This linter can be disabled with `set_option linter.unusedSimpArgs false`
warning: formal/ERIEC/RefModelV52.lean:321:10: This simp argument is unused:
  StaticFrame.DCAt

Hint: Omit it from the simp argument list.
  simp [S̵t̵a̵t̵i̵c̵F̵r̵a̵m̵e̵.̵D̵C̵A̵t̵,̵ ̵frame, Hinge.T_prime, Adj.alpha_star, Adj.sigma_star]

Note: This linter can be disabled with `set_option linter.unusedSimpArgs false`
✔ [2764/2771] Built ERIEC.RefModel.Nondegenerate (5.4s)
✔ [2765/2771] Built ERIEC.RefModel.Richness (5.6s)
✔ [2766/2771] Built ERIEC.RefModel.Large (5.0s)
✔ [2767/2771] Built ERIEC.RefModel.LargeCore (6.3s)
✔ [2768/2771] Built ERIEC.RefModel (5.2s)
✔ [2769/2771] Built ERIEC.CertifiedArtifact (5.9s)
✔ [2770/2771] Built ERIEC (5.6s)
Build completed successfully (2771 jobs).
