⚠ [2364/2389] Replayed ERIEC.Value
warning: formal/ERIEC/Value.lean:245:4: try 'simp' instead of 'simpa'

Note: This linter can be disabled with `set_option linter.unnecessarySimpa false`
warning: formal/ERIEC/Value.lean:246:4: try 'simp' instead of 'simpa'

Note: This linter can be disabled with `set_option linter.unnecessarySimpa false`
warning: formal/ERIEC/Value.lean:248:4: Try `simp at he` instead of `simpa using he`

Note: This linter can be disabled with `set_option linter.unnecessarySimpa false`
warning: formal/ERIEC/Value.lean:259:2: try 'simp' instead of 'simpa'

Note: This linter can be disabled with `set_option linter.unnecessarySimpa false`
warning: formal/ERIEC/Value.lean:285:14: try 'simp' instead of 'simpa'

Note: This linter can be disabled with `set_option linter.unnecessarySimpa false`
✖ [2691/2696] Building ERIEC.World (15s)
trace: .> LEAN_PATH=/Users/yamaguchimitsuyuki/erie-c/.lake/packages/Cli/.lake/build/lib/lean:/Users/yamaguchimitsuyuki/erie-c/.lake/packages/batteries/.lake/build/lib/lean:/Users/yamaguchimitsuyuki/erie-c/.lake/packages/Qq/.lake/build/lib/lean:/Users/yamaguchimitsuyuki/erie-c/.lake/packages/aesop/.lake/build/lib/lean:/Users/yamaguchimitsuyuki/erie-c/.lake/packages/proofwidgets/.lake/build/lib/lean:/Users/yamaguchimitsuyuki/erie-c/.lake/packages/importGraph/.lake/build/lib/lean:/Users/yamaguchimitsuyuki/erie-c/.lake/packages/LeanSearchClient/.lake/build/lib/lean:/Users/yamaguchimitsuyuki/erie-c/.lake/packages/plausible/.lake/build/lib/lean:/Users/yamaguchimitsuyuki/erie-c/.lake/packages/mathlib/.lake/build/lib/lean:/Users/yamaguchimitsuyuki/erie-c/.lake/build/lib/lean /Users/yamaguchimitsuyuki/.elan/toolchains/leanprover--lean4---v4.31.0/bin/lean /Users/yamaguchimitsuyuki/erie-c/formal/ERIEC/World.lean -o /Users/yamaguchimitsuyuki/erie-c/.lake/build/lib/lean/ERIEC/World.olean -i /Users/yamaguchimitsuyuki/erie-c/.lake/build/lib/lean/ERIEC/World.ilean -c /Users/yamaguchimitsuyuki/erie-c/.lake/build/ir/ERIEC/World.c --setup /Users/yamaguchimitsuyuki/erie-c/.lake/build/ir/ERIEC/World.setup.json --json
error: formal/ERIEC/World.lean:188:4: failed to prove positivity/nonnegativity/nonzeroness
error: formal/ERIEC/World.lean:195:6: Tactic `apply` failed: could not unify the conclusion of `@funext`
  ?f = ?g
with the goal
  { x // x ≠ 0 } = EuclideanSpace ℝ (Fin m)

Note: The full type of `@funext` is
  ∀ {α : Sort ?u.76} {β : α → Sort ?u.75} {f g : (x : α) → β x}, (∀ (x : α), f x = g x) → f = g

case e_2
m e : ℕ
inst✝ : NeZero m
sigma : EuclideanSpace ℝ (Fin m) → EuclideanSpace ℝ (Fin e)
a : EuclideanSpace ℝ (Fin m)
T : EuclideanSpace ℝ (Fin m) →L[ℝ] EuclideanSpace ℝ (Fin e) := Sens.T_w sigma a
hNonneg : ∀ (x : EuclideanSpace ℝ (Fin m)), 0 ≤ (worldLoop sigma a).rayleighQuotient x
⊢ { x // x ≠ 0 } = EuclideanSpace ℝ (Fin m)
error: Lean exited with code 1
Some required targets logged failures:
- ERIEC.World
error: build failed
