⚠ [2369/2411] Replayed ERIEC.Value
warning: formal/ERIEC/Value.lean:245:4: try 'simp' instead of 'simpa'

Note: This linter can be disabled with `set_option linter.unnecessarySimpa false`
warning: formal/ERIEC/Value.lean:246:4: try 'simp' instead of 'simpa'

Note: This linter can be disabled with `set_option linter.unnecessarySimpa false`
warning: formal/ERIEC/Value.lean:248:4: Try `simp at he` instead of `simpa using he`

Note: This linter can be disabled with `set_option linter.unnecessarySimpa false`
warning: formal/ERIEC/Value.lean:259:2: try 'simp' instead of 'simpa'

Note: This linter can be disabled with `set_option linter.unnecessarySimpa false`
warning: formal/ERIEC/Value.lean:285:14: try 'simp' instead of 'simpa'

Note: This linter can be disabled with `set_option linter.unnecessarySimpa false`
✔ [2695/2706] Built ERIEC.World (102s)
⚠ [2696/2706] Built ERIEC.WorldDC (23s)
warning: formal/ERIEC/WorldDC.lean:117:7: Variable name `dc` is not explicitly referenced.

The binding can be removed (if unused) or named `_` (if used implicitly).

Note: This linter can be disabled with `set_option linter.unusedVariables false`
✔ [2697/2706] Built ERIEC.RefModel.Stable (23s)
✔ [2698/2706] Built ERIEC.Invariance.Spectral (25s)
✔ [2699/2706] Built ERIEC.Invariance (16s)
✔ [2700/2706] Built ERIEC.RefModel.Dynamic (19s)
✔ [2701/2706] Built ERIEC.WorldDCRep (20s)
✔ [2702/2706] Built ERIEC.RefModel.Nondegenerate (12s)
✔ [2703/2706] Built ERIEC.RefModel (11s)
✔ [2704/2706] Built ERIEC.CertifiedArtifact (10s)
✔ [2705/2706] Built ERIEC (9.1s)
Build completed successfully (2706 jobs).
