formal/ERIEC/StructuralHinge.lean:57:22: error: Invalid `⟨...⟩` notation: The expected type `Y.6 (f.onC c)` is not an inductive type

Note: This notation can only be used when the expected type is an inductive type with a single constructor
formal/ERIEC/StructuralHinge.lean:64:22: error: Invalid `⟨...⟩` notation: The expected type `Y.7 (f.onE e)` is not an inductive type

Note: This notation can only be used when the expected type is an inductive type with a single constructor
formal/ERIEC/StructuralHinge.lean:73:28: error: Invalid `⟨...⟩` notation: The expected type `X.6 (f.onC.symm c)` is not an inductive type

Note: This notation can only be used when the expected type is an inductive type with a single constructor
formal/ERIEC/StructuralHinge.lean:74:8: error: Type mismatch
  (f.map_kappa (f.onC.symm c)).mpr (Eq.mpr (id (congrArg (Membership.mem Y.kappa) (Equiv.apply_symm_apply f.onC c))) hc)
has type
  Membership.mem.{w, w} X.kappa (f.onC.symm c)
but is expected to have type
  Membership.mem.{u, u} (X.rhoRel (f.onC.symm c)) (f.onM.symm m)
formal/ERIEC/StructuralHinge.lean:75:6: error: No goals to be solved
formal/ERIEC/StructuralHinge.lean:81:28: error: Invalid `⟨...⟩` notation: The expected type `X.7 (f.onE.symm e)` is not an inductive type

Note: This notation can only be used when the expected type is an inductive type with a single constructor
formal/ERIEC/StructuralHinge.lean:82:8: error: Type mismatch
  (f.map_epsilon (f.onE.symm e)).mpr
    (Eq.mpr (id (congrArg (Membership.mem Y.epsilon) (Equiv.apply_symm_apply f.onE e))) he)
has type
  Membership.mem.{v, v} X.epsilon (f.onE.symm e)
but is expected to have type
  Membership.mem.{u, u} (X.sigmaRel (f.onE.symm e)) (f.onM.symm m)
formal/ERIEC/StructuralHinge.lean:83:6: error: No goals to be solved
formal/ERIEC/StructuralHinge.lean:55:17: warning: This simp argument is unused:
  CompleteHingeData.holds

Hint: Omit it from the simp argument list.
  simp only [̵C̵o̵m̵p̵l̵e̵t̵e̵H̵i̵n̵g̵e̵D̵a̵t̵a̵.̵h̵o̵l̵d̵s̵,̵ ̵H̵i̵n̵g̵e̵W̵i̵t̵n̵e̵s̵s̵,̵[̲H̲i̲n̲g̲e̲W̲i̲t̲n̲e̲s̲s̲,̲ Closure.rho_star, Set.mem_iUnion]

Note: This linter can be disabled with `set_option linter.unusedSimpArgs false`
formal/ERIEC/StructuralHinge.lean:55:42: warning: This simp argument is unused:
  HingeWitness

Hint: Omit it from the simp argument list.
  simp only [CompleteHingeData.holds, H̵i̵n̵g̵e̵W̵i̵t̵n̵e̵s̵s̵,̵ ̵Closure.rho_star, Set.mem_iUnion]

Note: This linter can be disabled with `set_option linter.unusedSimpArgs false`
formal/ERIEC/StructuralHinge.lean:62:17: warning: This simp argument is unused:
  CompleteHingeData.holds

Hint: Omit it from the simp argument list.
  simp only [̵C̵o̵m̵p̵l̵e̵t̵e̵H̵i̵n̵g̵e̵D̵a̵t̵a̵.̵h̵o̵l̵d̵s̵,̵ ̵H̵i̵n̵g̵e̵W̵i̵t̵n̵e̵s̵s̵,̵[̲H̲i̲n̲g̲e̲W̲i̲t̲n̲e̲s̲s̲,̲ Adj.sigma_star, Set.mem_iUnion]

Note: This linter can be disabled with `set_option linter.unusedSimpArgs false`
formal/ERIEC/StructuralHinge.lean:62:42: warning: This simp argument is unused:
  HingeWitness

Hint: Omit it from the simp argument list.
  simp only [CompleteHingeData.holds, H̵i̵n̵g̵e̵W̵i̵t̵n̵e̵s̵s̵,̵ ̵Adj.sigma_star, Set.mem_iUnion]

Note: This linter can be disabled with `set_option linter.unusedSimpArgs false`
formal/ERIEC/StructuralHinge.lean:71:17: warning: This simp argument is unused:
  CompleteHingeData.holds

Hint: Omit it from the simp argument list.
  simp only [̵C̵o̵m̵p̵l̵e̵t̵e̵H̵i̵n̵g̵e̵D̵a̵t̵a̵.̵h̵o̵l̵d̵s̵,̵ ̵H̵i̵n̵g̵e̵W̵i̵t̵n̵e̵s̵s̵,̵[̲H̲i̲n̲g̲e̲W̲i̲t̲n̲e̲s̲s̲,̲ Closure.rho_star, Set.mem_iUnion]

Note: This linter can be disabled with `set_option linter.unusedSimpArgs false`
formal/ERIEC/StructuralHinge.lean:71:42: warning: This simp argument is unused:
  HingeWitness

Hint: Omit it from the simp argument list.
  simp only [CompleteHingeData.holds, H̵i̵n̵g̵e̵W̵i̵t̵n̵e̵s̵s̵,̵ ̵Closure.rho_star, Set.mem_iUnion]

Note: This linter can be disabled with `set_option linter.unusedSimpArgs false`
formal/ERIEC/StructuralHinge.lean:79:17: warning: This simp argument is unused:
  CompleteHingeData.holds

Hint: Omit it from the simp argument list.
  simp only [̵C̵o̵m̵p̵l̵e̵t̵e̵H̵i̵n̵g̵e̵D̵a̵t̵a̵.̵h̵o̵l̵d̵s̵,̵ ̵H̵i̵n̵g̵e̵W̵i̵t̵n̵e̵s̵s̵,̵[̲H̲i̲n̲g̲e̲W̲i̲t̲n̲e̲s̲s̲,̲ Adj.sigma_star, Set.mem_iUnion]

Note: This linter can be disabled with `set_option linter.unusedSimpArgs false`
formal/ERIEC/StructuralHinge.lean:79:42: warning: This simp argument is unused:
  HingeWitness

Hint: Omit it from the simp argument list.
  simp only [CompleteHingeData.holds, H̵i̵n̵g̵e̵W̵i̵t̵n̵e̵s̵s̵,̵ ̵Adj.sigma_star, Set.mem_iUnion]

Note: This linter can be disabled with `set_option linter.unusedSimpArgs false`
