⚠ [2369/2534] Replayed ERIEC.Value
warning: formal/ERIEC/Value.lean:245:4: try 'simp' instead of 'simpa'

Note: This linter can be disabled with `set_option linter.unnecessarySimpa false`
warning: formal/ERIEC/Value.lean:246:4: try 'simp' instead of 'simpa'

Note: This linter can be disabled with `set_option linter.unnecessarySimpa false`
warning: formal/ERIEC/Value.lean:248:4: Try `simp at he` instead of `simpa using he`

Note: This linter can be disabled with `set_option linter.unnecessarySimpa false`
warning: formal/ERIEC/Value.lean:259:2: try 'simp' instead of 'simpa'

Note: This linter can be disabled with `set_option linter.unnecessarySimpa false`
warning: formal/ERIEC/Value.lean:285:14: try 'simp' instead of 'simpa'

Note: This linter can be disabled with `set_option linter.unnecessarySimpa false`
⚠ [2675/2703] Replayed ERIEC.WorldDC
warning: formal/ERIEC/WorldDC.lean:117:7: Variable name `dc` is not explicitly referenced.

The binding can be removed (if unused) or named `_` (if used implicitly).

Note: This linter can be disabled with `set_option linter.unusedVariables false`
✔ [2698/2703] Built ERIEC.RefModel.Basic (599ms)
✖ [2699/2703] Building ERIEC.RefModel.Stable (25s)
trace: .> LEAN_PATH=/Users/yamaguchimitsuyuki/erie-c/.lake/packages/Cli/.lake/build/lib/lean:/Users/yamaguchimitsuyuki/erie-c/.lake/packages/batteries/.lake/build/lib/lean:/Users/yamaguchimitsuyuki/erie-c/.lake/packages/Qq/.lake/build/lib/lean:/Users/yamaguchimitsuyuki/erie-c/.lake/packages/aesop/.lake/build/lib/lean:/Users/yamaguchimitsuyuki/erie-c/.lake/packages/proofwidgets/.lake/build/lib/lean:/Users/yamaguchimitsuyuki/erie-c/.lake/packages/importGraph/.lake/build/lib/lean:/Users/yamaguchimitsuyuki/erie-c/.lake/packages/LeanSearchClient/.lake/build/lib/lean:/Users/yamaguchimitsuyuki/erie-c/.lake/packages/plausible/.lake/build/lib/lean:/Users/yamaguchimitsuyuki/erie-c/.lake/packages/mathlib/.lake/build/lib/lean:/Users/yamaguchimitsuyuki/erie-c/.lake/build/lib/lean /Users/yamaguchimitsuyuki/.elan/toolchains/leanprover--lean4---v4.31.0/bin/lean /Users/yamaguchimitsuyuki/erie-c/formal/ERIEC/RefModel/Stable.lean -o /Users/yamaguchimitsuyuki/erie-c/.lake/build/lib/lean/ERIEC/RefModel/Stable.olean -i /Users/yamaguchimitsuyuki/erie-c/.lake/build/lib/lean/ERIEC/RefModel/Stable.ilean -c /Users/yamaguchimitsuyuki/erie-c/.lake/build/ir/ERIEC/RefModel/Stable.c --setup /Users/yamaguchimitsuyuki/erie-c/.lake/build/ir/ERIEC/RefModel/Stable.setup.json --json
error: formal/ERIEC/RefModel/Stable.lean:20:2: failed to synthesize instance of type class
  Decidable (w = false ∧ K.Nonempty)

Hint: Type class instance resolution failures can be inspected with the `set_option trace.Meta.synthInstance true` command.
error: formal/ERIEC/RefModel/Stable.lean:45:16: Tactic `rfl` failed: The left-hand side
  { kappa := refKappa (next RefState.s0), epsilon := refEpsilon (next RefState.s0), rank := refRank (next RefState.s0) }
is not definitionally equal to the right-hand side
  upd refPhi refTheta refDrift
    { kappa := refKappa RefState.s0, epsilon := refEpsilon RefState.s0, rank := refRank RefState.s0 }

case s0
⊢ { kappa := refKappa (next RefState.s0), epsilon := refEpsilon (next RefState.s0),
      rank := refRank (next RefState.s0) } =
    upd refPhi refTheta refDrift
      { kappa := refKappa RefState.s0, epsilon := refEpsilon RefState.s0, rank := refRank RefState.s0 }
error: formal/ERIEC/RefModel/Stable.lean:45:16: Tactic `rfl` failed: The left-hand side
  { kappa := refKappa (next RefState.s1), epsilon := refEpsilon (next RefState.s1), rank := refRank (next RefState.s1) }
is not definitionally equal to the right-hand side
  upd refPhi refTheta refDrift
    { kappa := refKappa RefState.s1, epsilon := refEpsilon RefState.s1, rank := refRank RefState.s1 }

case s1
⊢ { kappa := refKappa (next RefState.s1), epsilon := refEpsilon (next RefState.s1),
      rank := refRank (next RefState.s1) } =
    upd refPhi refTheta refDrift
      { kappa := refKappa RefState.s1, epsilon := refEpsilon RefState.s1, rank := refRank RefState.s1 }
error: formal/ERIEC/RefModel/Stable.lean:45:16: Tactic `rfl` failed: The left-hand side
  { kappa := refKappa (next RefState.s2), epsilon := refEpsilon (next RefState.s2), rank := refRank (next RefState.s2) }
is not definitionally equal to the right-hand side
  upd refPhi refTheta refDrift
    { kappa := refKappa RefState.s2, epsilon := refEpsilon RefState.s2, rank := refRank RefState.s2 }

case s2
⊢ { kappa := refKappa (next RefState.s2), epsilon := refEpsilon (next RefState.s2),
      rank := refRank (next RefState.s2) } =
    upd refPhi refTheta refDrift
      { kappa := refKappa RefState.s2, epsilon := refEpsilon RefState.s2, rank := refRank RefState.s2 }
error: formal/ERIEC/RefModel/Stable.lean:60:11: unsolved goals
⊢ ⋃ c, Set.univ = Set.univ
error: formal/ERIEC/RefModel/Stable.lean:61:10: unsolved goals
⊢ ⋃ e, Set.univ = Set.univ
error: Lean exited with code 1
Some required targets logged failures:
- ERIEC.RefModel.Stable
error: build failed
