✖ [2367/2367] Building ERIEC.WorldDC (9.9s)
trace: .> LEAN_PATH=/Users/yamaguchimitsuyuki/erie-c/.lake/packages/Cli/.lake/build/lib/lean:/Users/yamaguchimitsuyuki/erie-c/.lake/packages/batteries/.lake/build/lib/lean:/Users/yamaguchimitsuyuki/erie-c/.lake/packages/Qq/.lake/build/lib/lean:/Users/yamaguchimitsuyuki/erie-c/.lake/packages/aesop/.lake/build/lib/lean:/Users/yamaguchimitsuyuki/erie-c/.lake/packages/proofwidgets/.lake/build/lib/lean:/Users/yamaguchimitsuyuki/erie-c/.lake/packages/importGraph/.lake/build/lib/lean:/Users/yamaguchimitsuyuki/erie-c/.lake/packages/LeanSearchClient/.lake/build/lib/lean:/Users/yamaguchimitsuyuki/erie-c/.lake/packages/plausible/.lake/build/lib/lean:/Users/yamaguchimitsuyuki/erie-c/.lake/packages/mathlib/.lake/build/lib/lean:/Users/yamaguchimitsuyuki/erie-c/.lake/build/lib/lean /Users/yamaguchimitsuyuki/.elan/toolchains/leanprover--lean4---v4.31.0/bin/lean /Users/yamaguchimitsuyuki/erie-c/formal/ERIEC/WorldDC.lean -o /Users/yamaguchimitsuyuki/erie-c/.lake/build/lib/lean/ERIEC/WorldDC.olean -i /Users/yamaguchimitsuyuki/erie-c/.lake/build/lib/lean/ERIEC/WorldDC.ilean -c /Users/yamaguchimitsuyuki/erie-c/.lake/build/ir/ERIEC/WorldDC.c --setup /Users/yamaguchimitsuyuki/erie-c/.lake/build/ir/ERIEC/WorldDC.setup.json --json
error: formal/ERIEC/WorldDC.lean:94:11: unsolved goals
⊢ ⋃ c, Set.univ = Set.univ
error: formal/ERIEC/WorldDC.lean:96:10: unsolved goals
⊢ ⋃ e, Set.univ = Set.univ
warning: formal/ERIEC/WorldDC.lean:117:7: Variable name `dc` is not explicitly referenced.

The binding can be removed (if unused) or named `_` (if used implicitly).

Note: This linter can be disabled with `set_option linter.unusedVariables false`
error: formal/ERIEC/WorldDC.lean:130:38: Type mismatch
  fun x => 1
has type
  (x : ?m.51) → ?m.54 x
but is expected to have type
  EuclideanSpace ℝ (Fin 1)
error: formal/ERIEC/WorldDC.lean:134:24: Application type mismatch: The argument
  hx
has type
  x = 0
but is expected to have type
  ?m.76 = ?m.77
in the application
  congrFun hx
error: Lean exited with code 1
Some required targets logged failures:
- ERIEC.WorldDC
error: build failed
