✖ [430/430] Building ERIEC.Dynamics (2.4s)
trace: .> LEAN_PATH=/Users/yamaguchimitsuyuki/erie-c/.lake/packages/Cli/.lake/build/lib/lean:/Users/yamaguchimitsuyuki/erie-c/.lake/packages/batteries/.lake/build/lib/lean:/Users/yamaguchimitsuyuki/erie-c/.lake/packages/Qq/.lake/build/lib/lean:/Users/yamaguchimitsuyuki/erie-c/.lake/packages/aesop/.lake/build/lib/lean:/Users/yamaguchimitsuyuki/erie-c/.lake/packages/proofwidgets/.lake/build/lib/lean:/Users/yamaguchimitsuyuki/erie-c/.lake/packages/importGraph/.lake/build/lib/lean:/Users/yamaguchimitsuyuki/erie-c/.lake/packages/LeanSearchClient/.lake/build/lib/lean:/Users/yamaguchimitsuyuki/erie-c/.lake/packages/plausible/.lake/build/lib/lean:/Users/yamaguchimitsuyuki/erie-c/.lake/packages/mathlib/.lake/build/lib/lean:/Users/yamaguchimitsuyuki/erie-c/.lake/build/lib/lean /Users/yamaguchimitsuyuki/.elan/toolchains/leanprover--lean4---v4.31.0/bin/lean /Users/yamaguchimitsuyuki/erie-c/formal/ERIEC/Dynamics.lean -o /Users/yamaguchimitsuyuki/erie-c/.lake/build/lib/lean/ERIEC/Dynamics.olean -i /Users/yamaguchimitsuyuki/erie-c/.lake/build/lib/lean/ERIEC/Dynamics.ilean -c /Users/yamaguchimitsuyuki/erie-c/.lake/build/ir/ERIEC/Dynamics.c --setup /Users/yamaguchimitsuyuki/erie-c/.lake/build/ir/ERIEC/Dynamics.setup.json --json
error: formal/ERIEC/Dynamics.lean:79:2: Too many variable names provided at alternative `cons`: 7 provided, but 6 expected
error: formal/ERIEC/Dynamics.lean:81:19: Application type mismatch: The argument
  u
has type
  ℕ
of sort `Type` but is expected to have type
  S
of sort `Type u_4` in the application
  frame.conf u
error: formal/ERIEC/Dynamics.lean:82:41: Application type mismatch: The argument
  n
has type
  InternalPath frame.stepInt s✝ u s
of sort `Prop` but is expected to have type
  ℕ
of sort `Type` in the application
  frame.update^[n]
error: formal/ERIEC/Dynamics.lean:82:86: Unknown identifier `ih`
error: formal/ERIEC/Dynamics.lean:83:8: invalid 'calc' step, right-hand side is
  frame.update^[?m.96 + 1] (frame.conf s) : Conf C E W
but is expected to be
  frame.update^[u + 1] (frame.conf s✝) : Conf C E W
error: formal/ERIEC/Dynamics.lean:83:27: Application type mismatch: The argument
  n
has type
  InternalPath frame.stepInt s✝ u s
of sort `Prop` but is expected to have type
  ℕ
of sort `Type` in the application
  HAdd.hAdd n
error: Lean exited with code 1
Some required targets logged failures:
- ERIEC.Dynamics
error: build failed
