⚠ [2715/2771] Replayed ERIEC.BridgeFunctor
warning: formal/ERIEC/BridgeFunctor.lean:41:10: This simp argument is unused:
  HingeWitness

Hint: Omit it from the simp argument list.
  simp [H̵i̵n̵g̵e̵W̵i̵t̵n̵e̵s̵s̵,̵ ̵Closure.rho_star, Adj.sigma_star, rhoFull, sigmaRel, carrier]

Note: This linter can be disabled with `set_option linter.unusedSimpArgs false`
warning: formal/ERIEC/BridgeFunctor.lean:75:10: This simp argument is unused:
  HingeWitness

Hint: Omit it from the simp argument list.
  simp [̵H̵i̵n̵g̵e̵W̵i̵t̵n̵e̵s̵s̵,̵ ̵C̵l̵o̵s̵u̵r̵e̵.̵r̵h̵o̵_̵s̵t̵a̵r̵,̵[̲C̲l̲o̲s̲u̲r̲e̲.̲r̲h̲o̲_̲s̲t̲a̲r̲,̲ Adj.sigma_star, rhoRel, sigmaRel, kappa, epsilon]

Note: This linter can be disabled with `set_option linter.unusedSimpArgs false`
warning: formal/ERIEC/BridgeFunctor.lean:115:6: Try `simp at hx` instead of `simpa using hx`

Note: This linter can be disabled with `set_option linter.unnecessarySimpa false`
⚠ [2722/2771] Replayed ERIEC.ViabilityClosure
warning: formal/ERIEC/ViabilityClosure.lean:326:22: Used `tac1 <;> tac2` where `(tac1; tac2)` would suffice

Note: This linter can be disabled with `set_option linter.unnecessarySeqFocus false`
warning: formal/ERIEC/ViabilityClosure.lean:327:22: Used `tac1 <;> tac2` where `(tac1; tac2)` would suffice

Note: This linter can be disabled with `set_option linter.unnecessarySeqFocus false`
warning: formal/ERIEC/ViabilityClosure.lean:328:24: Used `tac1 <;> tac2` where `(tac1; tac2)` would suffice

Note: This linter can be disabled with `set_option linter.unnecessarySeqFocus false`
⚠ [2728/2771] Replayed ERIEC.Value
warning: formal/ERIEC/Value.lean:245:4: try 'simp' instead of 'simpa'

Note: This linter can be disabled with `set_option linter.unnecessarySimpa false`
warning: formal/ERIEC/Value.lean:246:4: try 'simp' instead of 'simpa'

Note: This linter can be disabled with `set_option linter.unnecessarySimpa false`
warning: formal/ERIEC/Value.lean:248:4: Try `simp at he` instead of `simpa using he`

Note: This linter can be disabled with `set_option linter.unnecessarySimpa false`
warning: formal/ERIEC/Value.lean:259:2: try 'simp' instead of 'simpa'

Note: This linter can be disabled with `set_option linter.unnecessarySimpa false`
warning: formal/ERIEC/Value.lean:285:14: try 'simp' instead of 'simpa'

Note: This linter can be disabled with `set_option linter.unnecessarySimpa false`
⚠ [2729/2771] Replayed ERIEC.WorldDC
warning: formal/ERIEC/WorldDC.lean:117:7: Variable name `dc` is not explicitly referenced.

The binding can be removed (if unused) or named `_` (if used implicitly).

Note: This linter can be disabled with `set_option linter.unusedVariables false`
⚠ [2745/2771] Replayed ERIEC.Wager.Independence
warning: formal/ERIEC/Wager/Independence.lean:52:2: Try `simp at hmem` instead of `simpa using hmem`

Note: This linter can be disabled with `set_option linter.unnecessarySimpa false`
⚠ [2764/2771] Replayed ERIEC.Gap
warning: formal/ERIEC/Gap.lean:89:27: Try `simp at h` instead of `simpa using h`

Note: This linter can be disabled with `set_option linter.unnecessarySimpa false`
⚠ [2768/2771] Replayed ERIEC.RefModelV52
warning: formal/ERIEC/RefModelV52.lean:165:10: This simp argument is unused:
  StaticFrame.DCAt

Hint: Omit it from the simp argument list.
  simp [S̵t̵a̵t̵i̵c̵F̵r̵a̵m̵e̵.̵D̵C̵A̵t̵,̵ ̵frame, Closure.Phi, Closure.pi_star, Closure.rho_star]

Note: This linter can be disabled with `set_option linter.unusedSimpArgs false`
warning: formal/ERIEC/RefModelV52.lean:168:10: This simp argument is unused:
  StaticFrame.DCAt

Hint: Omit it from the simp argument list.
  simp [S̵t̵a̵t̵i̵c̵F̵r̵a̵m̵e̵.̵D̵C̵A̵t̵,̵ ̵frame, Hinge.T_prime, Adj.alpha_star, Adj.sigma_star]

Note: This linter can be disabled with `set_option linter.unusedSimpArgs false`
✖ [2769/2771] Building ERIEC.OpenSimC (5.5s)
trace: .> LEAN_PATH=/Users/yamaguchimitsuyuki/erie-c/.lake/packages/Cli/.lake/build/lib/lean:/Users/yamaguchimitsuyuki/erie-c/.lake/packages/batteries/.lake/build/lib/lean:/Users/yamaguchimitsuyuki/erie-c/.lake/packages/Qq/.lake/build/lib/lean:/Users/yamaguchimitsuyuki/erie-c/.lake/packages/aesop/.lake/build/lib/lean:/Users/yamaguchimitsuyuki/erie-c/.lake/packages/proofwidgets/.lake/build/lib/lean:/Users/yamaguchimitsuyuki/erie-c/.lake/packages/importGraph/.lake/build/lib/lean:/Users/yamaguchimitsuyuki/erie-c/.lake/packages/LeanSearchClient/.lake/build/lib/lean:/Users/yamaguchimitsuyuki/erie-c/.lake/packages/plausible/.lake/build/lib/lean:/Users/yamaguchimitsuyuki/erie-c/.lake/packages/mathlib/.lake/build/lib/lean:/Users/yamaguchimitsuyuki/erie-c/.lake/build/lib/lean /Users/yamaguchimitsuyuki/.elan/toolchains/leanprover--lean4---v4.31.0/bin/lean /Users/yamaguchimitsuyuki/erie-c/formal/ERIEC/OpenSimC.lean -o /Users/yamaguchimitsuyuki/erie-c/.lake/build/lib/lean/ERIEC/OpenSimC.olean -i /Users/yamaguchimitsuyuki/erie-c/.lake/build/lib/lean/ERIEC/OpenSimC.ilean -c /Users/yamaguchimitsuyuki/erie-c/.lake/build/ir/ERIEC/OpenSimC.c --setup /Users/yamaguchimitsuyuki/erie-c/.lake/build/ir/ERIEC/OpenSimC.setup.json --json
error: formal/ERIEC/OpenSimC.lean:88:10: Tactic `rewrite` failed: Did not find an occurrence of the pattern
  (id G).mapPath rest
in the target expression
  (Path.cons edge (Path.nil m✝)).append
      ({ mapState := _root_.id, mapEdge := fun {s t} {kind} edge => ⟨Path.cons edge (Path.nil t), ⋯⟩ }.mapPath rest) =
    Path.cons edge rest

case cons
Port : Type u
G : OpenGraph Port
s t s✝ m✝ t✝ : G.State
kind✝ : EdgeKind Port
edge : G.step s✝ kind✝ m✝
rest : OpenDynamics.Path G m✝ t✝
ih : (id G).mapPath rest = rest
⊢ (Path.cons edge (Path.nil m✝)).append
      ({ mapState := _root_.id, mapEdge := fun {s t} {kind} edge => ⟨Path.cons edge (Path.nil t), ⋯⟩ }.mapPath rest) =
    Path.cons edge rest

Note: The target expression is not type-correct under the `instances` transparency level, which may have triggered the failure. This is usually caused by unfolding of semireducible definitions in prior tactic steps. Use `set_option linter.tacticCheckInstances true` to investigate the source of the issue.
Full error:
  Application type mismatch: The argument
    id._proof_1 G
  has type
    kind = kind ∧ Audit.UsesOnly kind (Path.nil (_root_.id t))
  but is expected to have type
    Audit.UsesOnly kind (Path.cons edge (Path.nil t))
  in the application
    ⟨Path.cons edge (Path.nil t), ⋯⟩
error: formal/ERIEC/OpenSimC.lean:105:10: Tactic `rewrite` failed: Did not find an occurrence of the pattern
  (f.comp g).mapPath rest
in the target expression
  (g.mapPath ↑(f.mapEdge edge)).append
      ({ mapState := g.mapState ∘ f.mapState,
            mapEdge := fun {s t} {kind} edge => ⟨g.mapPath ↑(f.mapEdge edge), ⋯⟩ }.mapPath
        rest) =
    (g.mapPath ↑(f.mapEdge edge)).append (g.mapPath (f.mapPath rest))

case cons
Port : Type u
G : OpenGraph Port
H : OpenGraph Port
K : OpenGraph Port
f : Hom G H
g : Hom H K
s t s✝ m✝ t✝ : G.State
kind✝ : EdgeKind Port
edge : G.step s✝ kind✝ m✝
rest : OpenDynamics.Path G m✝ t✝
ih : (f.comp g).mapPath rest = g.mapPath (f.mapPath rest)
⊢ (g.mapPath ↑(f.mapEdge edge)).append
      ({ mapState := g.mapState ∘ f.mapState,
            mapEdge := fun {s t} {kind} edge => ⟨g.mapPath ↑(f.mapEdge edge), ⋯⟩ }.mapPath
        rest) =
    (g.mapPath ↑(f.mapEdge edge)).append (g.mapPath (f.mapPath rest))

Note: The target expression is not type-correct under the `instances` transparency level, which may have triggered the failure. This is usually caused by unfolding of semireducible definitions in prior tactic steps. Use `set_option linter.tacticCheckInstances true` to investigate the source of the issue.
Full error:
  Application type mismatch: The argument
    fun {s t} {kind} edge => ⟨g.mapPath ↑(f.mapEdge edge), ⋯⟩
  has type
    {s t : G.State} →
      {kind : EdgeKind Port} →
        G.step s kind t →
          @Subtype (OpenDynamics.Path K (g.mapState (f.mapState s)) (g.mapState (f.mapState t))) fun p =>
            Audit.UsesOnly kind p
  but is expected to have type
    {s t : G.State} →
      {kind : EdgeKind Port} →
        G.step s kind t →
          @Subtype (OpenDynamics.Path K ((g.mapState ∘ f.mapState) s) ((g.mapState ∘ f.mapState) t)) fun p =>
            Audit.UsesOnly kind p
  in the application
    { mapState := g.mapState ∘ f.mapState, mapEdge := fun {s t} {kind} edge => ⟨g.mapPath ↑(f.mapEdge edge), ⋯⟩ }
error: Lean exited with code 1
Some required targets logged failures:
- ERIEC.OpenSimC
error: build failed
