⚠ [2715/2776] Replayed ERIEC.BridgeFunctor
warning: formal/ERIEC/BridgeFunctor.lean:41:10: This simp argument is unused:
  HingeWitness

Hint: Omit it from the simp argument list.
  simp [H̵i̵n̵g̵e̵W̵i̵t̵n̵e̵s̵s̵,̵ ̵Closure.rho_star, Adj.sigma_star, rhoFull, sigmaRel, carrier]

Note: This linter can be disabled with `set_option linter.unusedSimpArgs false`
warning: formal/ERIEC/BridgeFunctor.lean:75:10: This simp argument is unused:
  HingeWitness

Hint: Omit it from the simp argument list.
  simp [̵H̵i̵n̵g̵e̵W̵i̵t̵n̵e̵s̵s̵,̵ ̵C̵l̵o̵s̵u̵r̵e̵.̵r̵h̵o̵_̵s̵t̵a̵r̵,̵[̲C̲l̲o̲s̲u̲r̲e̲.̲r̲h̲o̲_̲s̲t̲a̲r̲,̲ Adj.sigma_star, rhoRel, sigmaRel, kappa, epsilon]

Note: This linter can be disabled with `set_option linter.unusedSimpArgs false`
warning: formal/ERIEC/BridgeFunctor.lean:115:6: Try `simp at hx` instead of `simpa using hx`

Note: This linter can be disabled with `set_option linter.unnecessarySimpa false`
⚠ [2722/2776] Replayed ERIEC.ViabilityClosure
warning: formal/ERIEC/ViabilityClosure.lean:326:22: Used `tac1 <;> tac2` where `(tac1; tac2)` would suffice

Note: This linter can be disabled with `set_option linter.unnecessarySeqFocus false`
warning: formal/ERIEC/ViabilityClosure.lean:327:22: Used `tac1 <;> tac2` where `(tac1; tac2)` would suffice

Note: This linter can be disabled with `set_option linter.unnecessarySeqFocus false`
warning: formal/ERIEC/ViabilityClosure.lean:328:24: Used `tac1 <;> tac2` where `(tac1; tac2)` would suffice

Note: This linter can be disabled with `set_option linter.unnecessarySeqFocus false`
⚠ [2736/2776] Replayed ERIEC.Value
warning: formal/ERIEC/Value.lean:342:4: try 'simp' instead of 'simpa'

Note: This linter can be disabled with `set_option linter.unnecessarySimpa false`
warning: formal/ERIEC/Value.lean:343:4: try 'simp' instead of 'simpa'

Note: This linter can be disabled with `set_option linter.unnecessarySimpa false`
warning: formal/ERIEC/Value.lean:345:4: Try `simp at he` instead of `simpa using he`

Note: This linter can be disabled with `set_option linter.unnecessarySimpa false`
warning: formal/ERIEC/Value.lean:356:2: try 'simp' instead of 'simpa'

Note: This linter can be disabled with `set_option linter.unnecessarySimpa false`
warning: formal/ERIEC/Value.lean:382:14: try 'simp' instead of 'simpa'

Note: This linter can be disabled with `set_option linter.unnecessarySimpa false`
⚠ [2737/2776] Replayed ERIEC.WorldDC
warning: formal/ERIEC/WorldDC.lean:117:7: Variable name `dc` is not explicitly referenced.

The binding can be removed (if unused) or named `_` (if used implicitly).

Note: This linter can be disabled with `set_option linter.unusedVariables false`
⚠ [2748/2776] Replayed ERIEC.Wager.Independence
warning: formal/ERIEC/Wager/Independence.lean:52:2: Try `simp at hmem` instead of `simpa using hmem`

Note: This linter can be disabled with `set_option linter.unnecessarySimpa false`
⚠ [2762/2776] Replayed ERIEC.Gap
warning: formal/ERIEC/Gap.lean:93:27: Try `simp at h` instead of `simpa using h`

Note: This linter can be disabled with `set_option linter.unnecessarySimpa false`
warning: formal/ERIEC/Gap.lean:113:6: Try `simp at haSig` instead of `simpa using haSig`

Note: This linter can be disabled with `set_option linter.unnecessarySimpa false`
warning: formal/ERIEC/Gap.lean:144:8: try 'simp' instead of 'simpa'

Note: This linter can be disabled with `set_option linter.unnecessarySimpa false`
warning: formal/ERIEC/Gap.lean:200:2: Try `simp at hnonempty` instead of `simpa using hnonempty`

Note: This linter can be disabled with `set_option linter.unnecessarySimpa false`
warning: formal/ERIEC/Gap.lean:231:2: Try `simp at hnonempty` instead of `simpa using hnonempty`

Note: This linter can be disabled with `set_option linter.unnecessarySimpa false`
warning: formal/ERIEC/Gap.lean:244:6: try 'simp' instead of 'simpa'

Note: This linter can be disabled with `set_option linter.unnecessarySimpa false`
warning: formal/ERIEC/Gap.lean:269:31: Try `simp at h` instead of `simpa using h`

Note: This linter can be disabled with `set_option linter.unnecessarySimpa false`
warning: formal/ERIEC/Gap.lean:293:31: Try `simp at h` instead of `simpa using h`

Note: This linter can be disabled with `set_option linter.unnecessarySimpa false`
⚠ [2770/2776] Replayed ERIEC.RefModelV52
warning: formal/ERIEC/RefModelV52.lean:357:10: This simp argument is unused:
  Invariance.StaticFrame.DCAt

Hint: Omit it from the simp argument list.
  simp [̵I̵n̵v̵a̵r̵i̵a̵n̵c̵e̵.̵S̵t̵a̵t̵i̵c̵F̵r̵a̵m̵e̵.̵D̵C̵A̵t̵,̵ ̵m̵i̵n̵i̵m̵a̵l̵S̵t̵a̵t̵i̵c̵F̵r̵a̵m̵e̵,̵[̲m̲i̲n̲i̲m̲a̲l̲S̲t̲a̲t̲i̲c̲F̲r̲a̲m̲e̲,̲ Closure.Phi, Closure.pi_star, Closure.rho_star]

Note: This linter can be disabled with `set_option linter.unusedSimpArgs false`
warning: formal/ERIEC/RefModelV52.lean:361:10: This simp argument is unused:
  Invariance.StaticFrame.DCAt

Hint: Omit it from the simp argument list.
  simp [̵I̵n̵v̵a̵r̵i̵a̵n̵c̵e̵.̵S̵t̵a̵t̵i̵c̵F̵r̵a̵m̵e̵.̵D̵C̵A̵t̵,̵ ̵m̵i̵n̵i̵m̵a̵l̵S̵t̵a̵t̵i̵c̵F̵r̵a̵m̵e̵,̵[̲m̲i̲n̲i̲m̲a̲l̲S̲t̲a̲t̲i̲c̲F̲r̲a̲m̲e̲,̲ Hinge.T_prime, Adj.alpha_star, Adj.sigma_star]

Note: This linter can be disabled with `set_option linter.unusedSimpArgs false`
warning: formal/ERIEC/RefModelV52.lean:372:2: Try `simp at hphi` instead of `simpa using hphi`

Note: This linter can be disabled with `set_option linter.unnecessarySimpa false`
warning: formal/ERIEC/RefModelV52.lean:378:10: This simp argument is unused:
  Invariance.StaticFrame.DCAt

Hint: Omit it from the simp argument list.
  simp [̵I̵n̵v̵a̵r̵i̵a̵n̵c̵e̵.̵S̵t̵a̵t̵i̵c̵F̵r̵a̵m̵e̵.̵D̵C̵A̵t̵,̵ ̵d̵o̵u̵b̵l̵e̵S̵t̵a̵t̵i̵c̵F̵r̵a̵m̵e̵,̵[̲d̲o̲u̲b̲l̲e̲S̲t̲a̲t̲i̲c̲F̲r̲a̲m̲e̲,̲ Closure.Phi, Closure.pi_star, Closure.rho_star]

Note: This linter can be disabled with `set_option linter.unusedSimpArgs false`
warning: formal/ERIEC/RefModelV52.lean:382:10: This simp argument is unused:
  Invariance.StaticFrame.DCAt

Hint: Omit it from the simp argument list.
  simp [̵I̵n̵v̵a̵r̵i̵a̵n̵c̵e̵.̵S̵t̵a̵t̵i̵c̵F̵r̵a̵m̵e̵.̵D̵C̵A̵t̵,̵ ̵d̵o̵u̵b̵l̵e̵S̵t̵a̵t̵i̵c̵F̵r̵a̵m̵e̵,̵[̲d̲o̲u̲b̲l̲e̲S̲t̲a̲t̲i̲c̲F̲r̲a̲m̲e̲,̲ Hinge.T_prime, Adj.alpha_star, Adj.sigma_star]

Note: This linter can be disabled with `set_option linter.unusedSimpArgs false`
warning: formal/ERIEC/RefModelV52.lean:393:2: Try `simp at hphi` instead of `simpa using hphi`

Note: This linter can be disabled with `set_option linter.unnecessarySimpa false`
warning: formal/ERIEC/RefModelV52.lean:473:10: This simp argument is unused:
  Gap.GapUp

Hint: Omit it from the simp argument list.
  simp [G̵a̵p̵.̵G̵a̵p̵U̵p̵,̵ ̵Adj.sigma_star, sigmaRel]

Note: This linter can be disabled with `set_option linter.unusedSimpArgs false`
warning: formal/ERIEC/RefModelV52.lean:474:10: This simp argument is unused:
  Gap.GapUp

Hint: Omit it from the simp argument list.
  simp [G̵a̵p̵.̵G̵a̵p̵U̵p̵,̵ ̵Adj.sigma_star_induced, alphaRel]

Note: This linter can be disabled with `set_option linter.unusedSimpArgs false`
warning: formal/ERIEC/RefModelV52.lean:709:10: This simp argument is unused:
  StaticFrame.DCAt

Hint: Omit it from the simp argument list.
  simp [S̵t̵a̵t̵i̵c̵F̵r̵a̵m̵e̵.̵D̵C̵A̵t̵,̵ ̵frame, Closure.Phi, Closure.pi_star, Closure.rho_star]

Note: This linter can be disabled with `set_option linter.unusedSimpArgs false`
warning: formal/ERIEC/RefModelV52.lean:712:10: This simp argument is unused:
  StaticFrame.DCAt

Hint: Omit it from the simp argument list.
  simp [S̵t̵a̵t̵i̵c̵F̵r̵a̵m̵e̵.̵D̵C̵A̵t̵,̵ ̵frame, Hinge.T_prime, Adj.alpha_star, Adj.sigma_star]

Note: This linter can be disabled with `set_option linter.unusedSimpArgs false`
warning: formal/ERIEC/RefModelV52.lean:731:2: Try `simp at hphi` instead of `simpa using hphi`

Note: This linter can be disabled with `set_option linter.unnecessarySimpa false`
warning: formal/ERIEC/RefModelV52.lean:871:6: try 'simp' instead of 'simpa'

Note: This linter can be disabled with `set_option linter.unnecessarySimpa false`
warning: formal/ERIEC/RefModelV52.lean:875:6: try 'simp' instead of 'simpa'

Note: This linter can be disabled with `set_option linter.unnecessarySimpa false`
warning: formal/ERIEC/RefModelV52.lean:959:6: try 'simp' instead of 'simpa'

Note: This linter can be disabled with `set_option linter.unnecessarySimpa false`
warning: formal/ERIEC/RefModelV52.lean:963:6: try 'simp' instead of 'simpa'

Note: This linter can be disabled with `set_option linter.unnecessarySimpa false`
warning: formal/ERIEC/RefModelV52.lean:1051:4: 'change markerStateEquiv (markerCollapseNext 0) = markerStateEquiv 1' tactic does nothing

Note: This linter can be disabled with `set_option linter.unusedTactic false`
warning: formal/ERIEC/RefModelV52.lean:1056:4: 'change markerStateEquiv (markerCollapseNext 1) = markerStateEquiv 2' tactic does nothing

Note: This linter can be disabled with `set_option linter.unusedTactic false`
warning: formal/ERIEC/RefModelV52.lean:1060:4: 'change markerStateEquiv (markerCollapseNext 2) = markerStateEquiv 2' tactic does nothing

Note: This linter can be disabled with `set_option linter.unusedTactic false`
warning: formal/ERIEC/RefModelV52.lean:1536:4: try 'simp' instead of 'simpa'

Note: This linter can be disabled with `set_option linter.unnecessarySimpa false`
warning: formal/ERIEC/RefModelV52.lean:1611:4: try 'simp' instead of 'simpa'

Note: This linter can be disabled with `set_option linter.unnecessarySimpa false`
warning: formal/ERIEC/RefModelV52.lean:1653:2: Try `simp at hphi` instead of `simpa using hphi`

Note: This linter can be disabled with `set_option linter.unnecessarySimpa false`
warning: formal/ERIEC/RefModelV52.lean:1658:8: This simp argument is unused:
  Markers.FM2

Hint: Omit it from the simp argument list.
  simp [M̵a̵r̵k̵e̵r̵s̵.̵F̵M̵2̵,̵ ̵Richness.Branch, collapseFrame] at he₁ he₂

Note: This linter can be disabled with `set_option linter.unusedSimpArgs false`
warning: formal/ERIEC/RefModelV52.lean:1658:21: This simp argument is unused:
  Richness.Branch

Hint: Omit it from the simp argument list.
  simp [Markers.FM2, R̵i̵c̵h̵n̵e̵s̵s̵.̵B̵r̵a̵n̵c̵h̵,̵ ̵collapseFrame] at he₁ he₂

Note: This linter can be disabled with `set_option linter.unusedSimpArgs false`
warning: formal/ERIEC/RefModelV52.lean:1738:4: try 'simp' instead of 'simpa'

Note: This linter can be disabled with `set_option linter.unnecessarySimpa false`
⚠ [2771/2776] Replayed ERIEC.NonDegenerateRecur
warning: formal/ERIEC/NonDegenerateRecur.lean:77:8: This simp argument is unused:
  Dynamics.DynFrame.conf

Hint: Omit it from the simp argument list.
  simp [stepInt, stateCore, stateEpsilon, phi, theta, drift, D̵y̵n̵a̵m̵i̵c̵s̵.̵D̵y̵n̵F̵r̵a̵m̵e̵.̵c̵o̵n̵f̵,̵ ̵Dynamics.upd] at h ⊢

Note: This linter can be disabled with `set_option linter.unusedSimpArgs false`
✖ [2772/2776] Building ERIEC.RefModel.CollapseTrace (19s)
trace: .> LEAN_PATH=/Users/yamaguchimitsuyuki/bridge-protocol/.lake/packages/Cli/.lake/build/lib/lean:/Users/yamaguchimitsuyuki/bridge-protocol/.lake/packages/batteries/.lake/build/lib/lean:/Users/yamaguchimitsuyuki/bridge-protocol/.lake/packages/Qq/.lake/build/lib/lean:/Users/yamaguchimitsuyuki/bridge-protocol/.lake/packages/aesop/.lake/build/lib/lean:/Users/yamaguchimitsuyuki/bridge-protocol/.lake/packages/proofwidgets/.lake/build/lib/lean:/Users/yamaguchimitsuyuki/bridge-protocol/.lake/packages/importGraph/.lake/build/lib/lean:/Users/yamaguchimitsuyuki/bridge-protocol/.lake/packages/LeanSearchClient/.lake/build/lib/lean:/Users/yamaguchimitsuyuki/bridge-protocol/.lake/packages/plausible/.lake/build/lib/lean:/Users/yamaguchimitsuyuki/bridge-protocol/.lake/packages/mathlib/.lake/build/lib/lean:/Users/yamaguchimitsuyuki/bridge-protocol/.lake/build/lib/lean /Users/yamaguchimitsuyuki/.elan/toolchains/leanprover--lean4---v4.31.0/bin/lean /Users/yamaguchimitsuyuki/bridge-protocol/formal/ERIEC/RefModel/CollapseTrace.lean -o /Users/yamaguchimitsuyuki/bridge-protocol/.lake/build/lib/lean/ERIEC/RefModel/CollapseTrace.olean -i /Users/yamaguchimitsuyuki/bridge-protocol/.lake/build/lib/lean/ERIEC/RefModel/CollapseTrace.ilean -c /Users/yamaguchimitsuyuki/bridge-protocol/.lake/build/ir/ERIEC/RefModel/CollapseTrace.c --setup /Users/yamaguchimitsuyuki/bridge-protocol/.lake/build/ir/ERIEC/RefModel/CollapseTrace.setup.json --json
error: formal/ERIEC/RefModel/CollapseTrace.lean:11:59: Function expected at
  DC
but this term has type
  ?m.1

Note: Expected a function because this term is being applied to the argument
  M

Hint: The identifier `DC` is unknown, and Lean's `autoImplicit` option causes an unknown identifier to be treated as an implicitly bound variable with an unknown type. However, the unknown type cannot be a function, and a function is what Lean expects here. This is often the result of a typo or a missing `import` or `open` statement.
error: formal/ERIEC/RefModel/CollapseTrace.lean:16:24: Function expected at
  DC
but this term has type
  ?m.1

Note: Expected a function because this term is being applied to the argument
  Unit

Hint: The identifier `DC` is unknown, and Lean's `autoImplicit` option causes an unknown identifier to be treated as an implicitly bound variable with an unknown type. However, the unknown type cannot be a function, and a function is what Lean expects here. This is often the result of a typo or a missing `import` or `open` statement.
error: formal/ERIEC/RefModel/CollapseTrace.lean:46:9: Unknown identifier `DC`
warning: formal/ERIEC/RefModel/CollapseTrace.lean:48:8: declaration uses `sorry`
error: formal/ERIEC/RefModel/CollapseTrace.lean:53:41: unsolved goals
n : ℕ
⊢ ((Decay.upd_dec collapseDec collapseDecE collapseDrift)^[n]
        { kappa := ∅, epsilon := collapseDecE collapseInitial.rank collapseInitial.epsilon,
          rank := collapseDrift collapseInitial.rank collapseInitial.kappa }).kappa =
    ∅
error: formal/ERIEC/RefModel/CollapseTrace.lean:66:26: don't know how to synthesize implicit argument `S`
  @dc_selected_kappa_nonempty ?m.64 ?m.65 ?m.66 ?m.67 ?m.68 ?m.69 ⋯
context:
dc : sorry
n : ℕ
hdc : sorry = (collapseState (n + 1)).kappa
hempty : (collapseState (n + 1)).kappa = ∅
⊢ Type ?u.22
error: formal/ERIEC/RefModel/CollapseTrace.lean:66:26: don't know how to synthesize implicit argument `C`
  @dc_selected_kappa_nonempty ?m.64 ?m.65 ?m.66 ?m.67 ?m.68 ?m.69 ⋯
context:
dc : sorry
n : ℕ
hdc : sorry = (collapseState (n + 1)).kappa
hempty : (collapseState (n + 1)).kappa = ∅
⊢ Type ?u.23
error: formal/ERIEC/RefModel/CollapseTrace.lean:66:26: don't know how to synthesize implicit argument `E`
  @dc_selected_kappa_nonempty ?m.64 ?m.65 ?m.66 ?m.67 ?m.68 ?m.69 ⋯
context:
dc : sorry
n : ℕ
hdc : sorry = (collapseState (n + 1)).kappa
hempty : (collapseState (n + 1)).kappa = ∅
⊢ Type ?u.24
error: formal/ERIEC/RefModel/CollapseTrace.lean:66:26: don't know how to synthesize implicit argument `M`
  @dc_selected_kappa_nonempty ?m.64 ?m.65 ?m.66 ?m.67 ?m.68 ?m.69 ⋯
context:
dc : sorry
n : ℕ
hdc : sorry = (collapseState (n + 1)).kappa
hempty : (collapseState (n + 1)).kappa = ∅
⊢ Type ?u.25
error: formal/ERIEC/RefModel/CollapseTrace.lean:66:26: don't know how to synthesize implicit argument `DC`
  @dc_selected_kappa_nonempty ?m.64 ?m.65 ?m.66 ?m.67 ?m.68 ?m.69 ⋯
context:
dc : sorry
n : ℕ
hdc : sorry = (collapseState (n + 1)).kappa
hempty : (collapseState (n + 1)).kappa = ∅
⊢ ?m.64
error: formal/ERIEC/RefModel/CollapseTrace.lean:66:26: don't know how to synthesize implicit argument
  @dc_selected_kappa_nonempty ?m.64 ?m.65 ?m.66 ?m.67 ?m.68 ?m.69 ⋯
context:
dc : sorry
n : ℕ
hdc : sorry = (collapseState (n + 1)).kappa
hempty : (collapseState (n + 1)).kappa = ∅
⊢ Sort ?u.21
error: formal/ERIEC/RefModel/CollapseTrace.lean:83:15: unsolved goals
n : ℕ
⊢ (collapseUpdate (collapseUpdate^[n] collapseInitial), (), ()) ∈
    {(collapseUpdate (collapseUpdate^[n] collapseInitial), (), ())}
error: formal/ERIEC/RefModel/CollapseTrace.lean:93:58: failed to synthesize instance of type class
  OfNat collapseGeneratedTrace.Occurrence 1
numerals are polymorphic in Lean, but the numeral `1` cannot be used in a context where the expected type is
  collapseGeneratedTrace.Occurrence
due to the absence of the instance above

Hint: Type class instance resolution failures can be inspected with the `set_option trace.Meta.synthInstance true` command.
error: formal/ERIEC/RefModel/CollapseTrace.lean:101:51: failed to synthesize instance of type class
  OfNat collapseGeneratedTrace.Occurrence 0
numerals are polymorphic in Lean, but the numeral `0` cannot be used in a context where the expected type is
  collapseGeneratedTrace.Occurrence
due to the absence of the instance above

Hint: Type class instance resolution failures can be inspected with the `set_option trace.Meta.synthInstance true` command.
error: formal/ERIEC/RefModel/CollapseTrace.lean:101:53: failed to synthesize instance of type class
  OfNat collapseGeneratedTrace.Occurrence 1
numerals are polymorphic in Lean, but the numeral `1` cannot be used in a context where the expected type is
  collapseGeneratedTrace.Occurrence
due to the absence of the instance above

Hint: Type class instance resolution failures can be inspected with the `set_option trace.Meta.synthInstance true` command.
error: formal/ERIEC/RefModel/CollapseTrace.lean:117:33: Application type mismatch: The argument
  x
has type
  ?m.2 → trace.Occurrence
but is expected to have type
  trace.Occurrence
in the application
  cert.dcHolds x
error: formal/ERIEC/RefModel/CollapseTrace.lean:118:44: Application type mismatch: The argument
  x
has type
  ?m.2 → trace.Occurrence
but is expected to have type
  trace.Occurrence
in the application
  cert.PermanentTerminationStep x
error: formal/ERIEC/RefModel/CollapseTrace.lean:122:9: invalid {...} notation, expected type is not of the form (C ...)
  CollapseTraceWitness
error: formal/ERIEC/RefModel/CollapseTrace.lean:138:17: failed to synthesize instance of type class
  OfNat collapseGeneratedTrace.Occurrence 0
numerals are polymorphic in Lean, but the numeral `0` cannot be used in a context where the expected type is
  collapseGeneratedTrace.Occurrence
due to the absence of the instance above

Hint: Type class instance resolution failures can be inspected with the `set_option trace.Meta.synthInstance true` command.
error: formal/ERIEC/RefModel/CollapseTrace.lean:140:9: failed to synthesize instance of type class
  OfNat collapseGeneratedTrace.Occurrence 0
numerals are polymorphic in Lean, but the numeral `0` cannot be used in a context where the expected type is
  collapseGeneratedTrace.Occurrence
due to the absence of the instance above

Hint: Type class instance resolution failures can be inspected with the `set_option trace.Meta.synthInstance true` command.
error: formal/ERIEC/RefModel/CollapseTrace.lean:140:12: failed to synthesize instance of type class
  OfNat collapseGeneratedTrace.Occurrence 1
numerals are polymorphic in Lean, but the numeral `1` cannot be used in a context where the expected type is
  collapseGeneratedTrace.Occurrence
due to the absence of the instance above

Hint: Type class instance resolution failures can be inspected with the `set_option trace.Meta.synthInstance true` command.
error: formal/ERIEC/RefModel/CollapseTrace.lean:144:14: Invalid field notation: Type of
  toCollapseTraceWitness
is not known; cannot resolve field `cert`
error: formal/ERIEC/RefModel/CollapseTrace.lean:148:17: failed to synthesize instance of type class
  OfNat collapseGeneratedTrace.Occurrence 0
numerals are polymorphic in Lean, but the numeral `0` cannot be used in a context where the expected type is
  collapseGeneratedTrace.Occurrence
due to the absence of the instance above

Hint: Type class instance resolution failures can be inspected with the `set_option trace.Meta.synthInstance true` command.
error: formal/ERIEC/RefModel/CollapseTrace.lean:150:9: failed to synthesize instance of type class
  OfNat collapseGeneratedTrace.Occurrence 0
numerals are polymorphic in Lean, but the numeral `0` cannot be used in a context where the expected type is
  collapseGeneratedTrace.Occurrence
due to the absence of the instance above

Hint: Type class instance resolution failures can be inspected with the `set_option trace.Meta.synthInstance true` command.
error: formal/ERIEC/RefModel/CollapseTrace.lean:150:12: failed to synthesize instance of type class
  OfNat collapseGeneratedTrace.Occurrence 1
numerals are polymorphic in Lean, but the numeral `1` cannot be used in a context where the expected type is
  collapseGeneratedTrace.Occurrence
due to the absence of the instance above

Hint: Type class instance resolution failures can be inspected with the `set_option trace.Meta.synthInstance true` command.
error: formal/ERIEC/RefModel/CollapseTrace.lean:155:9: invalid {...} notation, expected type is not of the form (C ...)
  AllMortalWitness
error: Lean exited with code 1
Some required targets logged failures:
- ERIEC.RefModel.CollapseTrace
error: build failed
