⚠ [2715/2772] Replayed ERIEC.BridgeFunctor
warning: formal/ERIEC/BridgeFunctor.lean:41:10: This simp argument is unused:
  HingeWitness

Hint: Omit it from the simp argument list.
  simp [H̵i̵n̵g̵e̵W̵i̵t̵n̵e̵s̵s̵,̵ ̵Closure.rho_star, Adj.sigma_star, rhoFull, sigmaRel, carrier]

Note: This linter can be disabled with `set_option linter.unusedSimpArgs false`
warning: formal/ERIEC/BridgeFunctor.lean:75:10: This simp argument is unused:
  HingeWitness

Hint: Omit it from the simp argument list.
  simp [̵H̵i̵n̵g̵e̵W̵i̵t̵n̵e̵s̵s̵,̵ ̵C̵l̵o̵s̵u̵r̵e̵.̵r̵h̵o̵_̵s̵t̵a̵r̵,̵[̲C̲l̲o̲s̲u̲r̲e̲.̲r̲h̲o̲_̲s̲t̲a̲r̲,̲ Adj.sigma_star, rhoRel, sigmaRel, kappa, epsilon]

Note: This linter can be disabled with `set_option linter.unusedSimpArgs false`
warning: formal/ERIEC/BridgeFunctor.lean:115:6: Try `simp at hx` instead of `simpa using hx`

Note: This linter can be disabled with `set_option linter.unnecessarySimpa false`
⚠ [2722/2772] Replayed ERIEC.ViabilityClosure
warning: formal/ERIEC/ViabilityClosure.lean:326:22: Used `tac1 <;> tac2` where `(tac1; tac2)` would suffice

Note: This linter can be disabled with `set_option linter.unnecessarySeqFocus false`
warning: formal/ERIEC/ViabilityClosure.lean:327:22: Used `tac1 <;> tac2` where `(tac1; tac2)` would suffice

Note: This linter can be disabled with `set_option linter.unnecessarySeqFocus false`
warning: formal/ERIEC/ViabilityClosure.lean:328:24: Used `tac1 <;> tac2` where `(tac1; tac2)` would suffice

Note: This linter can be disabled with `set_option linter.unnecessarySeqFocus false`
⚠ [2736/2772] Replayed ERIEC.Value
warning: formal/ERIEC/Value.lean:342:4: try 'simp' instead of 'simpa'

Note: This linter can be disabled with `set_option linter.unnecessarySimpa false`
warning: formal/ERIEC/Value.lean:343:4: try 'simp' instead of 'simpa'

Note: This linter can be disabled with `set_option linter.unnecessarySimpa false`
warning: formal/ERIEC/Value.lean:345:4: Try `simp at he` instead of `simpa using he`

Note: This linter can be disabled with `set_option linter.unnecessarySimpa false`
warning: formal/ERIEC/Value.lean:356:2: try 'simp' instead of 'simpa'

Note: This linter can be disabled with `set_option linter.unnecessarySimpa false`
warning: formal/ERIEC/Value.lean:382:14: try 'simp' instead of 'simpa'

Note: This linter can be disabled with `set_option linter.unnecessarySimpa false`
⚠ [2737/2772] Replayed ERIEC.WorldDC
warning: formal/ERIEC/WorldDC.lean:117:7: Variable name `dc` is not explicitly referenced.

The binding can be removed (if unused) or named `_` (if used implicitly).

Note: This linter can be disabled with `set_option linter.unusedVariables false`
⚠ [2748/2772] Replayed ERIEC.Wager.Independence
warning: formal/ERIEC/Wager/Independence.lean:52:2: Try `simp at hmem` instead of `simpa using hmem`

Note: This linter can be disabled with `set_option linter.unnecessarySimpa false`
⚠ [2765/2772] Replayed ERIEC.Gap
warning: formal/ERIEC/Gap.lean:93:27: Try `simp at h` instead of `simpa using h`

Note: This linter can be disabled with `set_option linter.unnecessarySimpa false`
warning: formal/ERIEC/Gap.lean:113:6: Try `simp at haSig` instead of `simpa using haSig`

Note: This linter can be disabled with `set_option linter.unnecessarySimpa false`
warning: formal/ERIEC/Gap.lean:144:8: try 'simp' instead of 'simpa'

Note: This linter can be disabled with `set_option linter.unnecessarySimpa false`
warning: formal/ERIEC/Gap.lean:200:2: Try `simp at hnonempty` instead of `simpa using hnonempty`

Note: This linter can be disabled with `set_option linter.unnecessarySimpa false`
warning: formal/ERIEC/Gap.lean:231:2: Try `simp at hnonempty` instead of `simpa using hnonempty`

Note: This linter can be disabled with `set_option linter.unnecessarySimpa false`
warning: formal/ERIEC/Gap.lean:244:6: try 'simp' instead of 'simpa'

Note: This linter can be disabled with `set_option linter.unnecessarySimpa false`
warning: formal/ERIEC/Gap.lean:269:31: Try `simp at h` instead of `simpa using h`

Note: This linter can be disabled with `set_option linter.unnecessarySimpa false`
warning: formal/ERIEC/Gap.lean:293:31: Try `simp at h` instead of `simpa using h`

Note: This linter can be disabled with `set_option linter.unnecessarySimpa false`
✖ [2769/2772] Building ERIEC.RefModelV52 (35s)
trace: .> LEAN_PATH=/Users/yamaguchimitsuyuki/bridge-protocol/.lake/packages/Cli/.lake/build/lib/lean:/Users/yamaguchimitsuyuki/bridge-protocol/.lake/packages/batteries/.lake/build/lib/lean:/Users/yamaguchimitsuyuki/bridge-protocol/.lake/packages/Qq/.lake/build/lib/lean:/Users/yamaguchimitsuyuki/bridge-protocol/.lake/packages/aesop/.lake/build/lib/lean:/Users/yamaguchimitsuyuki/bridge-protocol/.lake/packages/proofwidgets/.lake/build/lib/lean:/Users/yamaguchimitsuyuki/bridge-protocol/.lake/packages/importGraph/.lake/build/lib/lean:/Users/yamaguchimitsuyuki/bridge-protocol/.lake/packages/LeanSearchClient/.lake/build/lib/lean:/Users/yamaguchimitsuyuki/bridge-protocol/.lake/packages/plausible/.lake/build/lib/lean:/Users/yamaguchimitsuyuki/bridge-protocol/.lake/packages/mathlib/.lake/build/lib/lean:/Users/yamaguchimitsuyuki/bridge-protocol/.lake/build/lib/lean /Users/yamaguchimitsuyuki/.elan/toolchains/leanprover--lean4---v4.31.0/bin/lean /Users/yamaguchimitsuyuki/bridge-protocol/formal/ERIEC/RefModelV52.lean -o /Users/yamaguchimitsuyuki/bridge-protocol/.lake/build/lib/lean/ERIEC/RefModelV52.olean -i /Users/yamaguchimitsuyuki/bridge-protocol/.lake/build/lib/lean/ERIEC/RefModelV52.ilean -c /Users/yamaguchimitsuyuki/bridge-protocol/.lake/build/ir/ERIEC/RefModelV52.c --setup /Users/yamaguchimitsuyuki/bridge-protocol/.lake/build/ir/ERIEC/RefModelV52.setup.json --json
warning: formal/ERIEC/RefModelV52.lean:229:10: This simp argument is unused:
  Invariance.StaticFrame.DCAt

Hint: Omit it from the simp argument list.
  simp [̵I̵n̵v̵a̵r̵i̵a̵n̵c̵e̵.̵S̵t̵a̵t̵i̵c̵F̵r̵a̵m̵e̵.̵D̵C̵A̵t̵,̵ ̵m̵i̵n̵i̵m̵a̵l̵S̵t̵a̵t̵i̵c̵F̵r̵a̵m̵e̵,̵[̲m̲i̲n̲i̲m̲a̲l̲S̲t̲a̲t̲i̲c̲F̲r̲a̲m̲e̲,̲ Closure.Phi, Closure.pi_star, Closure.rho_star]

Note: This linter can be disabled with `set_option linter.unusedSimpArgs false`
warning: formal/ERIEC/RefModelV52.lean:233:10: This simp argument is unused:
  Invariance.StaticFrame.DCAt

Hint: Omit it from the simp argument list.
  simp [̵I̵n̵v̵a̵r̵i̵a̵n̵c̵e̵.̵S̵t̵a̵t̵i̵c̵F̵r̵a̵m̵e̵.̵D̵C̵A̵t̵,̵ ̵m̵i̵n̵i̵m̵a̵l̵S̵t̵a̵t̵i̵c̵F̵r̵a̵m̵e̵,̵[̲m̲i̲n̲i̲m̲a̲l̲S̲t̲a̲t̲i̲c̲F̲r̲a̲m̲e̲,̲ Hinge.T_prime, Adj.alpha_star, Adj.sigma_star]

Note: This linter can be disabled with `set_option linter.unusedSimpArgs false`
warning: formal/ERIEC/RefModelV52.lean:244:2: Try `simp at hphi` instead of `simpa using hphi`

Note: This linter can be disabled with `set_option linter.unnecessarySimpa false`
warning: formal/ERIEC/RefModelV52.lean:250:10: This simp argument is unused:
  Invariance.StaticFrame.DCAt

Hint: Omit it from the simp argument list.
  simp [̵I̵n̵v̵a̵r̵i̵a̵n̵c̵e̵.̵S̵t̵a̵t̵i̵c̵F̵r̵a̵m̵e̵.̵D̵C̵A̵t̵,̵ ̵d̵o̵u̵b̵l̵e̵S̵t̵a̵t̵i̵c̵F̵r̵a̵m̵e̵,̵[̲d̲o̲u̲b̲l̲e̲S̲t̲a̲t̲i̲c̲F̲r̲a̲m̲e̲,̲ Closure.Phi, Closure.pi_star, Closure.rho_star]

Note: This linter can be disabled with `set_option linter.unusedSimpArgs false`
warning: formal/ERIEC/RefModelV52.lean:254:10: This simp argument is unused:
  Invariance.StaticFrame.DCAt

Hint: Omit it from the simp argument list.
  simp [̵I̵n̵v̵a̵r̵i̵a̵n̵c̵e̵.̵S̵t̵a̵t̵i̵c̵F̵r̵a̵m̵e̵.̵D̵C̵A̵t̵,̵ ̵d̵o̵u̵b̵l̵e̵S̵t̵a̵t̵i̵c̵F̵r̵a̵m̵e̵,̵[̲d̲o̲u̲b̲l̲e̲S̲t̲a̲t̲i̲c̲F̲r̲a̲m̲e̲,̲ Hinge.T_prime, Adj.alpha_star, Adj.sigma_star]

Note: This linter can be disabled with `set_option linter.unusedSimpArgs false`
warning: formal/ERIEC/RefModelV52.lean:265:2: Try `simp at hphi` instead of `simpa using hphi`

Note: This linter can be disabled with `set_option linter.unnecessarySimpa false`
warning: formal/ERIEC/RefModelV52.lean:345:10: This simp argument is unused:
  Gap.GapUp

Hint: Omit it from the simp argument list.
  simp [G̵a̵p̵.̵G̵a̵p̵U̵p̵,̵ ̵Adj.sigma_star, sigmaRel]

Note: This linter can be disabled with `set_option linter.unusedSimpArgs false`
warning: formal/ERIEC/RefModelV52.lean:346:10: This simp argument is unused:
  Gap.GapUp

Hint: Omit it from the simp argument list.
  simp [G̵a̵p̵.̵G̵a̵p̵U̵p̵,̵ ̵Adj.sigma_star_induced, alphaRel]

Note: This linter can be disabled with `set_option linter.unusedSimpArgs false`
warning: formal/ERIEC/RefModelV52.lean:513:10: This simp argument is unused:
  StaticFrame.DCAt

Hint: Omit it from the simp argument list.
  simp [S̵t̵a̵t̵i̵c̵F̵r̵a̵m̵e̵.̵D̵C̵A̵t̵,̵ ̵frame, Closure.Phi, Closure.pi_star, Closure.rho_star]

Note: This linter can be disabled with `set_option linter.unusedSimpArgs false`
warning: formal/ERIEC/RefModelV52.lean:516:10: This simp argument is unused:
  StaticFrame.DCAt

Hint: Omit it from the simp argument list.
  simp [S̵t̵a̵t̵i̵c̵F̵r̵a̵m̵e̵.̵D̵C̵A̵t̵,̵ ̵frame, Hinge.T_prime, Adj.alpha_star, Adj.sigma_star]

Note: This linter can be disabled with `set_option linter.unusedSimpArgs false`
warning: formal/ERIEC/RefModelV52.lean:535:2: Try `simp at hphi` instead of `simpa using hphi`

Note: This linter can be disabled with `set_option linter.unnecessarySimpa false`
warning: formal/ERIEC/RefModelV52.lean:675:6: try 'simp' instead of 'simpa'

Note: This linter can be disabled with `set_option linter.unnecessarySimpa false`
warning: formal/ERIEC/RefModelV52.lean:679:6: try 'simp' instead of 'simpa'

Note: This linter can be disabled with `set_option linter.unnecessarySimpa false`
warning: formal/ERIEC/RefModelV52.lean:775:4: 'change markerStateEquiv (markerCollapseNext 0) = markerStateEquiv 1' tactic does nothing

Note: This linter can be disabled with `set_option linter.unusedTactic false`
warning: formal/ERIEC/RefModelV52.lean:780:4: 'change markerStateEquiv (markerCollapseNext 1) = markerStateEquiv 2' tactic does nothing

Note: This linter can be disabled with `set_option linter.unusedTactic false`
warning: formal/ERIEC/RefModelV52.lean:784:4: 'change markerStateEquiv (markerCollapseNext 2) = markerStateEquiv 2' tactic does nothing

Note: This linter can be disabled with `set_option linter.unusedTactic false`
error: formal/ERIEC/RefModelV52.lean:926:2: unsolved goals
case right.left
e : Bool
a✝ : e ∈ collapseFrame.epsilon 0
⊢ e ∈ collapseKappa 0
warning: formal/ERIEC/RefModelV52.lean:923:10: This simp argument is unused:
  Invariance.StaticFrame.DCAt

Hint: Omit it from the simp argument list.
  simp [̵I̵n̵v̵a̵r̵i̵a̵n̵c̵e̵.̵S̵t̵a̵t̵i̵c̵F̵r̵a̵m̵e̵.̵D̵C̵A̵t̵,̵ ̵c̵o̵l̵l̵a̵p̵s̵e̵F̵r̵a̵m̵e̵,̵[̲c̲o̲l̲l̲a̲p̲s̲e̲F̲r̲a̲m̲e̲,̲ collapseKappa, Closure.Phi, Closure.pi_star, Closure.rho_star]

Note: This linter can be disabled with `set_option linter.unusedSimpArgs false`
warning: formal/ERIEC/RefModelV52.lean:927:10: This simp argument is unused:
  Invariance.StaticFrame.DCAt

Hint: Omit it from the simp argument list.
  simp [̵I̵n̵v̵a̵r̵i̵a̵n̵c̵e̵.̵S̵t̵a̵t̵i̵c̵F̵r̵a̵m̵e̵.̵D̵C̵A̵t̵,̵ ̵c̵o̵l̵l̵a̵p̵s̵e̵F̵r̵a̵m̵e̵,̵[̲c̲o̲l̲l̲a̲p̲s̲e̲F̲r̲a̲m̲e̲,̲ collapseEpsilon, Hinge.T_prime, Adj.alpha_star, Adj.sigma_star]

Note: This linter can be disabled with `set_option linter.unusedSimpArgs false`
error: formal/ERIEC/RefModelV52.lean:1180:73: Fields missing: `stepLabel`, `interoception`, `representation`, `spectralProjection`, `zero`
error: formal/ERIEC/RefModelV52.lean:1184:53: unexpected identifier; expected 'lemma'
error: formal/ERIEC/RefModelV52.lean:1203:13: Type mismatch
  rfl
has type
  ?m.21 = ?m.21
but is expected to have type
  euclideanMarkerFrame.zero = 0
error: formal/ERIEC/RefModelV52.lean:1211:4: Tactic `rfl` failed: The left-hand side
  euclideanMarkerFrame.stepLabel m s t
is not definitionally equal to the right-hand side
  euclideanMarkerFrame.stepLabel (collapseSwapIso.hA m) (collapseSwapIso.hS s) (collapseSwapIso.hS t)

m : Bool
s t : Fin 3
⊢ euclideanMarkerFrame.stepLabel m s t ↔
    euclideanMarkerFrame.stepLabel (collapseSwapIso.hA m) (collapseSwapIso.hS s) (collapseSwapIso.hS t)
error: formal/ERIEC/RefModelV52.lean:1217:4: 'change' tactic failed, pattern
  euclideanAnalyticSwap.U 0 = 0
is not definitionally equal to target
  euclideanAnalyticSwap.U.toEquiv euclideanMarkerFrame.zero = euclideanMarkerFrame.zero
error: formal/ERIEC/RefModelV52.lean:1221:4: 'change' tactic failed, pattern
  euclideanAnalyticSwap.U (euclideanAnalyticRepresentation m) = euclideanAnalyticRepresentation (swapBool m)
is not definitionally equal to target
  euclideanAnalyticSwap.U.toEquiv (euclideanMarkerFrame.representation m) =
    euclideanMarkerFrame.representation (collapseSwapIso.hA m)
error: formal/ERIEC/RefModelV52.lean:1227:4: 'change' tactic failed, pattern
  euclideanAnalyticSwap.U (euclideanSpectralProjection v) = euclideanSpectralProjection (euclideanAnalyticSwap.U v)
is not definitionally equal to target
  euclideanAnalyticSwap.U.toEquiv (euclideanMarkerFrame.spectralProjection v) =
    euclideanMarkerFrame.spectralProjection (euclideanAnalyticSwap.U.toEquiv v)
error: formal/ERIEC/RefModelV52.lean:1241:2: Type mismatch
  AnalyticFM4.hilbert_full_marker_fm4_iff euclideanHilbertFullMarker m
has type
  Markers.FM4 euclideanHilbertFullMarker.marker.toFM4 m ↔ AnalyticFM4.HilbertFM4 euclideanHilbertFullMarker.analytic m
but is expected to have type
  Markers.FM4 euclideanMarkerFrame.toFM4 m ↔ AnalyticFM4.HilbertFM4 euclideanAnalyticFrame m
warning: formal/ERIEC/RefModelV52.lean:1264:2: Try `simp at hphi` instead of `simpa using hphi`

Note: This linter can be disabled with `set_option linter.unnecessarySimpa false`
warning: formal/ERIEC/RefModelV52.lean:1269:8: This simp argument is unused:
  Markers.FM2

Hint: Omit it from the simp argument list.
  simp [M̵a̵r̵k̵e̵r̵s̵.̵F̵M̵2̵,̵ ̵Richness.Branch, collapseFrame] at he₁ he₂

Note: This linter can be disabled with `set_option linter.unusedSimpArgs false`
warning: formal/ERIEC/RefModelV52.lean:1269:21: This simp argument is unused:
  Richness.Branch

Hint: Omit it from the simp argument list.
  simp [Markers.FM2, R̵i̵c̵h̵n̵e̵s̵s̵.̵B̵r̵a̵n̵c̵h̵,̵ ̵collapseFrame] at he₁ he₂

Note: This linter can be disabled with `set_option linter.unusedSimpArgs false`
warning: formal/ERIEC/RefModelV52.lean:1286:11: declaration uses `sorry`
warning: formal/ERIEC/RefModelV52.lean:1324:4: try 'simp' instead of 'simpa'

Note: This linter can be disabled with `set_option linter.unnecessarySimpa false`
error: formal/ERIEC/RefModelV52.lean:1385:32: Type mismatch
  rfl
has type
  ?m.2 = ?m.2
but is expected to have type
  euclideanMarkerFrame.stepLabel = markerStep
error: Lean exited with code 1
Some required targets logged failures:
- ERIEC.RefModelV52
error: build failed
