┌ Warning: The project dependencies or compat requirements have changed since the manifest was last resolved.
│ It is recommended to `Pkg.resolve()` or consider `Pkg.update()` if necessary.
└ @ Pkg.API /usr/local/Cellar/julia/1.11.6/share/julia/stdlib/v1.11/Pkg/src/API.jl:1206
     Testing ERIEC
      Status `/private/var/folders/82/qvmvqs01469ck832bd6f4k280000gn/T/jl_jShMMW/Project.toml`
  [f6f58f5d] ERIEC v0.1.0 `~/erie-c`
  [f6369f11] ForwardDiff v1.4.1
  [0f8b85d8] JSON3 v1.14.3
  [37e2e46d] LinearAlgebra v1.11.0
  [9a3f8284] Random v1.11.0
  [ea8e919c] SHA v0.7.0
  [fa267f1f] TOML v1.0.3
  [8dfed614] Test v1.11.0
      Status `/private/var/folders/82/qvmvqs01469ck832bd6f4k280000gn/T/jl_jShMMW/Manifest.toml`
  [bbf7d656] CommonSubexpressions v0.3.1
  [163ba53b] DiffResults v1.1.0
  [b552c78f] DiffRules v1.16.0
  [ffbed154] DocStringExtensions v0.9.5
  [f6f58f5d] ERIEC v0.1.0 `~/erie-c`
  [f6369f11] ForwardDiff v1.4.1
  [92d709cd] IrrationalConstants v0.2.6
  [692b3bcd] JLLWrappers v1.8.0
  [0f8b85d8] JSON3 v1.14.3
  [2ab3a3ac] LogExpFunctions v1.0.1
  [1914dd2f] MacroTools v0.5.16
  [77ba4419] NaNMath v1.1.4
  [69de0a69] Parsers v2.8.6
⌅ [aea7be01] PrecompileTools v1.2.1
  [21216c6a] Preferences v1.5.2
  [276daf66] SpecialFunctions v2.8.0
  [1e83bf80] StaticArraysCore v1.4.4
  [856f2bd8] StructTypes v1.11.0
  [efe28fd5] OpenSpecFun_jll v0.5.6+0
  [56f22d72] Artifacts v1.11.0
  [2a0f44e3] Base64 v1.11.0
  [ade2ca70] Dates v1.11.0
  [b77e0a4c] InteractiveUtils v1.11.0
  [8f399da3] Libdl v1.11.0
  [37e2e46d] LinearAlgebra v1.11.0
  [56ddb016] Logging v1.11.0
  [d6f4376e] Markdown v1.11.0
  [a63ad114] Mmap v1.11.0
  [de0858da] Printf v1.11.0
  [9a3f8284] Random v1.11.0
  [ea8e919c] SHA v0.7.0
  [9e88b42a] Serialization v1.11.0
  [fa267f1f] TOML v1.0.3
  [8dfed614] Test v1.11.0
  [cf7118a7] UUIDs v1.11.0
  [4ec0a83e] Unicode v1.11.0
  [e66e0078] CompilerSupportLibraries_jll v1.1.1+0
  [4536629a] OpenBLAS_jll v0.3.27+1
  [05823500] OpenLibm_jll v0.8.5+0
  [8e850b90] libblastrampoline_jll v5.11.0+0
        Info Packages marked with ⌅ have new versions available but compatibility constraints restrict them from upgrading.
Precompiling project for configuration --code-coverage=none --color=auto --check-bounds=yes --warn-overwrite=yes --depwarn=yes --inline=yes --startup-file=no --track-allocation=none...
   4066.0 ms  ✓ ERIEC
  1 dependency successfully precompiled in 4 seconds. 32 already precompiled.
     Testing Running tests...
ERROR: LoadError: ERIEC test groups failed: 1
Stacktrace:
 [1] run_parallel_test_groups(groups::Vector{Vector{String}}, estimated_loads::Vector{Float64}; phase::String)
   @ Main ~/erie-c/test/parallel_test_runner.jl:48
 [2] run_parallel_test_groups
   @ ~/erie-c/test/parallel_test_runner.jl:20 [inlined]
 [3] run_eriec_tests()
   @ Main ~/erie-c/test/parallel_test_runner.jl:71
 [4] top-level scope
   @ ~/erie-c/test/runtests.jl:3
 [5] include(fname::String)
   @ Main ./sysimg.jl:38
 [6] top-level scope
   @ none:6
in expression starting at /Users/yamaguchimitsuyuki/erie-c/test/runtests.jl:3
Running 37 ERIEC test files in 4 isolated processes, then 1 exclusive file(s)

===== ERIEC parallel test group 1/4 (estimated 84.0s) =====
ERROR: LoadError: Some tests did not pass: 92 passed, 0 failed, 1 errored, 0 broken.
in expression starting at /Users/yamaguchimitsuyuki/erie-c/test/test_field_system.jl:3
in expression starting at /Users/yamaguchimitsuyuki/erie-c/test/parallel_test_worker.jl:6
field coupled system adapter: Error During Test at /Users/yamaguchimitsuyuki/erie-c/test/test_field_system.jl:3
  Got exception outside of a @test
  DimensionMismatch: second dimension of A, 2, does not match first dimension of B, 6
  Stacktrace:
    [1] (::LinearAlgebra.var"#throw_dimerr#251")(::Matrix{Float64}, nA::Int64, mB::Int64)
      @ LinearAlgebra /usr/local/Cellar/julia/1.11.6/share/julia/stdlib/v1.11/LinearAlgebra/src/diagonal.jl:267
    [2] _muldiag_size_check
      @ /usr/local/Cellar/julia/1.11.6/share/julia/stdlib/v1.11/LinearAlgebra/src/diagonal.jl:269 [inlined]
    [3] _muldiag_size_check
      @ /usr/local/Cellar/julia/1.11.6/share/julia/stdlib/v1.11/LinearAlgebra/src/diagonal.jl:284 [inlined]
    [4] _mul_diag!
      @ /usr/local/Cellar/julia/1.11.6/share/julia/stdlib/v1.11/LinearAlgebra/src/diagonal.jl:423 [inlined]
    [5] _mul!
      @ /usr/local/Cellar/julia/1.11.6/share/julia/stdlib/v1.11/LinearAlgebra/src/diagonal.jl:430 [inlined]
    [6] _mul!
      @ /usr/local/Cellar/julia/1.11.6/share/julia/stdlib/v1.11/LinearAlgebra/src/bidiag.jl:434 [inlined]
    [7] mul!
      @ /usr/local/Cellar/julia/1.11.6/share/julia/stdlib/v1.11/LinearAlgebra/src/matmul.jl:285 [inlined]
    [8] mul!
      @ /usr/local/Cellar/julia/1.11.6/share/julia/stdlib/v1.11/LinearAlgebra/src/matmul.jl:253 [inlined]
    [9] *(A::Diagonal{Float64, Vector{Float64}}, B::Matrix{Float64})
      @ LinearAlgebra /usr/local/Cellar/julia/1.11.6/share/julia/stdlib/v1.11/LinearAlgebra/src/matmul.jl:114
   [10] (::ERIEC.var"#132#136"{MinimalPolicy})(_current::Vector{Float64}, _inputs::Vector{Any}, state::Dict{Symbol, Any})
      @ ERIEC ~/erie-c/src/topology.jl:228
   [11] run_trm_program(program::TRMProgram{Dict{Symbol, Function}}, initial_state::@NamedTuple{World::Matrix{Float64}, Boundary::SystemPipelineResult, Viability::Vector{Float64}, Action::Vector{Float64}}; steps::Int64)
      @ ERIEC ~/erie-c/src/topology.jl:206
   [12] consume(consumer::TRMConsumer{Dict{Symbol, Function}}, payload::SystemPipelineResult)
      @ ERIEC ~/erie-c/src/topology.jl:245
   [13] trm_closed_rollout_step(adapter::SigmaSystemAdapter{Matrix{Float64}, ERIEC.var"#764#766"{LeniaFieldSystem{Matrix{Float64}, Matrix{Float64}}}, ERIEC.var"#765#767"{LeniaFieldSystem{Matrix{Float64}, Matrix{Float64}}}}, action::Vector{Float64}, dc_result::DCResult, consumer::TRMConsumer{Dict{Symbol, Function}}; normalize_pipeline::Bool, weights::Nothing, direction::Nothing, target::Float64, eig_tol::Float64, fixed_tol::Float64, reachable_directions::Nothing, action_index::Nothing, fm1_with_action::Nothing, fm1_without_action::Nothing, interoceptive_signal::Nothing)
      @ ERIEC ~/erie-c/src/topology.jl:288
   [14] run_trm_closed_rollout(adapter::SigmaSystemAdapter{Matrix{Float64}, ERIEC.var"#764#766"{LeniaFieldSystem{Matrix{Float64}, Matrix{Float64}}}, ERIEC.var"#765#767"{LeniaFieldSystem{Matrix{Float64}, Matrix{Float64}}}}, initial_action::Vector{Float64}, dc_result::DCResult; consumer::TRMConsumer{Dict{Symbol, Function}}, steps::Int64, kwargs::@Kwargs{normalize_pipeline::Bool, eig_tol::Float64, fixed_tol::Float64})
      @ ERIEC ~/erie-c/src/topology.jl:307
   [15] macro expansion
      @ ~/erie-c/test/test_field_system.jl:239 [inlined]
   [16] macro expansion
      @ /usr/local/Cellar/julia/1.11.6/share/julia/stdlib/v1.11/Test/src/Test.jl:1709 [inlined]
   [17] top-level scope
      @ ~/erie-c/test/test_field_system.jl:4
   [18] include
      @ ./sysimg.jl:38 [inlined]
   [19] top-level scope
      @ ~/erie-c/test/parallel_test_worker.jl:7
Test Summary:                | Pass  Error  Total     Time
field coupled system adapter |   92      1     93  2m05.4s

===== ERIEC parallel test group 2/4 (estimated 66.5s) =====
Test Summary:                                     | Pass  Total   Time
ordered reachability graded dynamics and boundary |   52     52  40.0s
Test Summary: | Pass  Total   Time
worlddc       |   48     48  11.0s
Test Summary:            | Pass  Total  Time
category update pipeline |   66     66  9.4s
Test Summary:        | Pass  Total  Time
finite open dynamics |   12     12  3.7s
Test Summary:      | Pass  Total  Time
finite audit layer |    7      7  2.3s
Test Summary:        | Pass  Total  Time
finite lineage layer |    9      9  0.4s
Test Summary:                            | Pass  Total  Time
finite theory translation and guarantees |    4      4  0.3s
Test Summary:            | Pass  Total   Time
experiment visualization |   28     28  13.7s
Test Summary:        | Pass  Total  Time
weighted sensitivity |    6      6  0.5s
Test Summary: | Pass  Total  Time
hinge         |   11     11  0.8s
Test Summary: | Pass  Total  Time
consume       |    4      4  0.5s
Test Summary:         | Pass  Total  Time
experiment acceptance |   18     18  0.6s
Test Summary:       | Pass  Total  Time
update bisimulation |    2      2  0.0s
Test Summary:                | Pass  Total  Time
umwelt comparison and series |    4      4  2.3s

===== ERIEC parallel test group 3/4 (estimated 66.5s) =====
Test Summary:               | Pass  Total     Time
minimal policy and topology |  201    201  1m12.0s
Test Summary: | Pass  Total  Time
world         |   44     44  6.9s
Test Summary:       | Pass  Total   Time
Lean Julia contract |  500    500  15.1s
Test Summary: | Pass  Total  Time
sensitivity   |    6      6  2.7s
Test Summary:  | Pass  Total  Time
system adapter |   13     13  3.5s
Test Summary: | Pass  Total  Time
adjunction    |   11     11  1.4s
Test Summary:              | Pass  Total  Time
official TRM Python bridge |    3      3  1.2s
Test Summary: | Pass  Total  Time
dc            |    8      8  0.6s
Test Summary:                | Pass  Total  Time
critical certification bound |    3      3  0.0s
Test Summary:       | Pass  Total  Time
observation summary |    8      8  0.1s
Test Summary:    | Pass  Total  Time
critical slowing |    9      9  0.3s
Test Summary:    | Pass  Total  Time
reference models |    1      1  0.0s
Test Summary:     | Pass  Total  Time
copair uniqueness |    2      2  0.0s

===== ERIEC parallel test group 4/4 (estimated 66.5s) =====
Test Summary:               | Pass  Total     Time
Lenia experiment management |  138    138  2m40.4s
Test Summary: | Pass  Total   Time
body          |   33     33  16.1s
Test Summary:           | Pass  Total  Time
observation artifact v1 |   32     32  4.4s
Test Summary:        | Pass  Total  Time
toy recurrent system |   28     28  5.4s
Test Summary:                   | Pass  Total  Time
benchmarks collapse and reports |   40     40  3.5s
Test Summary: | Pass  Total  Time
checkpoints   |   17     17  2.8s
Test Summary: | Pass  Total  Time
value         |   22     22  1.6s
Test Summary: | Pass  Total  Time
closure       |   17     17  0.4s
Test Summary:                | Pass  Total  Time
terminal and mutation guards |    4      4  0.1s
Test Summary: | Pass  Total  Time
reachability  |    7      7  0.1s
Test Summary:   | Pass  Total  Time
finite dynamics |   16     16  2.9s
Test Summary:      | Pass  Total  Time
functional markers |   11     11  0.1s
Test Summary:            | Pass  Total  Time
ranked relation presheaf |    2      2  0.1s
Test Summary:                | Pass  Total  Time
critical rank collapse bound |    2      2  0.1s
ERROR: Package ERIEC errored during testing
Stacktrace:
 [1] pkgerror(msg::String)
   @ Pkg.Types /usr/local/Cellar/julia/1.11.6/share/julia/stdlib/v1.11/Pkg/src/Types.jl:68
 [2] test(ctx::Pkg.Types.Context, pkgs::Vector{Pkg.Types.PackageSpec}; coverage::Bool, julia_args::Cmd, test_args::Cmd, test_fn::Nothing, force_latest_compatible_version::Bool, allow_earlier_backwards_compatible_versions::Bool, allow_reresolve::Bool)
   @ Pkg.Operations /usr/local/Cellar/julia/1.11.6/share/julia/stdlib/v1.11/Pkg/src/Operations.jl:2128
 [3] test
   @ /usr/local/Cellar/julia/1.11.6/share/julia/stdlib/v1.11/Pkg/src/Operations.jl:2011 [inlined]
 [4] test(ctx::Pkg.Types.Context, pkgs::Vector{Pkg.Types.PackageSpec}; coverage::Bool, test_fn::Nothing, julia_args::Cmd, test_args::Cmd, force_latest_compatible_version::Bool, allow_earlier_backwards_compatible_versions::Bool, allow_reresolve::Bool, kwargs::@Kwargs{io::IOContext{IO}})
   @ Pkg.API /usr/local/Cellar/julia/1.11.6/share/julia/stdlib/v1.11/Pkg/src/API.jl:481
 [5] test(pkgs::Vector{Pkg.Types.PackageSpec}; io::IOContext{IO}, kwargs::@Kwargs{})
   @ Pkg.API /usr/local/Cellar/julia/1.11.6/share/julia/stdlib/v1.11/Pkg/src/API.jl:159
 [6] test(pkgs::Vector{Pkg.Types.PackageSpec})
   @ Pkg.API /usr/local/Cellar/julia/1.11.6/share/julia/stdlib/v1.11/Pkg/src/API.jl:148
 [7] test(; name::Nothing, uuid::Nothing, version::Nothing, url::Nothing, rev::Nothing, path::Nothing, mode::Pkg.Types.PackageMode, subdir::Nothing, kwargs::@Kwargs{})
   @ Pkg.API /usr/local/Cellar/julia/1.11.6/share/julia/stdlib/v1.11/Pkg/src/API.jl:174
 [8] test()
   @ Pkg.API /usr/local/Cellar/julia/1.11.6/share/julia/stdlib/v1.11/Pkg/src/API.jl:165
 [9] top-level scope
   @ none:1
